[DB] 1/24/2024, 3:43:22 PM <info> Successfully connected to the database : project
[DB] 1/24/2024, 3:43:36 PM <info> Successfully connected to the database : project
[DB] 1/24/2024, 3:43:36 PM <info> Disconnected to the database : project
[DB] 1/24/2024, 3:47:46 PM <info> Successfully connected to the database : project
[DB] 1/24/2024, 3:47:46 PM <info> Disconnected to the database : project
[DB] 1/24/2024, 4:05:26 PM <info> Successfully connected to the database : project
[DB] 1/24/2024, 4:05:26 PM <info> Disconnected to the database : project
[DB] 4/16/2024, 3:04:00 PM <info> Successfully connected to the database : project
[DB] 4/16/2024, 3:04:18 PM <info> Successfully connected to the database : project
[DB] 4/16/2024, 3:04:46 PM <info> Successfully connected to the database : project
[DB] 4/16/2024, 3:04:46 PM <debug> Getting all logs from the logbook collection...
[DB] 4/16/2024, 3:04:46 PM <info> Logs successfully gotten from the database.
[DB] 4/16/2024, 3:04:46 PM <info> Disconnected to the database : project
[DB] 4/16/2024, 3:05:47 PM <info> Successfully connected to the database : project
[DB] 4/16/2024, 3:05:47 PM <debug> Getting all logs from the logbook collection...
[DB] 4/16/2024, 3:05:47 PM <info> Logs successfully gotten from the database.
[DB] 4/16/2024, 3:05:47 PM <info> Disconnected to the database : project
[DB] 4/16/2024, 3:31:24 PM <info> Successfully connected to the database : project
[DB] 4/16/2024, 3:31:24 PM <debug> Getting all logs from the logbook collection...
[DB] 4/16/2024, 3:31:24 PM <info> Logs successfully gotten from the database.
[DB] 4/16/2024, 3:31:24 PM <info> Disconnected to the database : project
[DB] 4/16/2024, 3:32:49 PM <info> Successfully connected to the database : project
[DB] 4/16/2024, 3:32:49 PM <debug> Getting all logs from the logbook collection...
[DB] 4/16/2024, 3:32:49 PM <info> Logs successfully gotten from the database.
[DB] 4/16/2024, 3:32:49 PM <info> Disconnected to the database : project
[DB] 4/16/2024, 4:00:10 PM <info> Successfully connected to the database : project
[DB] 4/16/2024, 4:00:10 PM <debug> Getting all logs from the logbook collection...
[DB] 4/16/2024, 4:00:10 PM <info> Logs successfully gotten from the database.
[DB] 4/16/2024, 4:00:10 PM <info> Disconnected to the database : project
[DB] 4/16/2024, 4:00:45 PM <info> Successfully connected to the database : project
[DB] 4/16/2024, 4:01:33 PM <info> Successfully connected to the database : project
[DB] 4/16/2024, 4:01:33 PM <debug> Getting all logs from the logbook collection...
[DB] 4/16/2024, 4:01:33 PM <info> Logs successfully gotten from the database.
[DB] 4/16/2024, 4:01:34 PM <info> Disconnected to the database : project
[DB] 4/16/2024, 4:01:34 PM <info> Successfully connected to the database : project
[DB] 4/16/2024, 4:02:15 PM <info> Successfully connected to the database : project
[DB] 4/16/2024, 4:02:16 PM <info> Successfully connected to the database : project
[DB] 4/16/2024, 4:02:17 PM <info> Successfully connected to the database : project
[DB] 4/16/2024, 4:02:17 PM <info> Successfully connected to the database : project
[DB] 4/16/2024, 4:02:17 PM <info> Successfully connected to the database : project
[DB] 4/16/2024, 4:02:23 PM <info> Successfully connected to the database : project
[DB] 4/16/2024, 4:02:24 PM <info> Disconnected to the database : project
[DB] 4/16/2024, 4:02:24 PM <info> Successfully connected to the database : project
[DB] 4/16/2024, 4:02:34 PM <info> Successfully connected to the database : project
[DB] 4/16/2024, 4:02:34 PM <debug> Getting all logs from the logbook collection...
[DB] 4/16/2024, 4:02:34 PM <info> Logs successfully gotten from the database.
[DB] 4/16/2024, 4:02:34 PM <info> Successfully connected to the database : project
[DB] 4/16/2024, 4:02:34 PM <debug> Getting all logs from the logbook collection...
[DB] 4/16/2024, 4:02:34 PM <info> Logs successfully gotten from the database.
[DB] 4/16/2024, 4:02:35 PM <info> Successfully connected to the database : project
[DB] 4/16/2024, 4:02:35 PM <debug> Getting all logs from the logbook collection...
[DB] 4/16/2024, 4:02:35 PM <info> Logs successfully gotten from the database.
[DB] 4/16/2024, 4:02:37 PM <info> Successfully connected to the database : project
[DB] 4/16/2024, 4:02:37 PM <debug> Inserting a log to the logbook collection (with object "test")...
[DB] 4/16/2024, 4:02:37 PM <info> A new log inserted to the logbook collection (with object "test")
[DB] 4/16/2024, 4:02:40 PM <info> Successfully connected to the database : project
[DB] 4/16/2024, 4:02:40 PM <debug> Getting all logs from the logbook collection...
[DB] 4/16/2024, 4:02:40 PM <info> Logs successfully gotten from the database.
[DB] 4/16/2024, 4:04:27 PM <info> Successfully connected to the database : project
[DB] 4/16/2024, 4:04:27 PM <debug> Getting all logs from the logbook collection...
[DB] 4/16/2024, 4:04:27 PM <info> Logs successfully gotten from the database.
[DB] 4/16/2024, 4:04:30 PM <info> Successfully connected to the database : project
[DB] 4/16/2024, 4:04:30 PM <debug> Inserting a log to the logbook collection (with object "test")...
[DB] 4/16/2024, 4:04:30 PM <info> A new log inserted to the logbook collection (with object "test")
[DB] 4/16/2024, 4:04:32 PM <info> Successfully connected to the database : project
[DB] 4/16/2024, 4:04:32 PM <debug> Getting all logs from the logbook collection...
[DB] 4/16/2024, 4:04:32 PM <info> Logs successfully gotten from the database.
[DB] 4/16/2024, 4:06:11 PM <info> Successfully connected to the database : project
[DB] 4/16/2024, 4:06:11 PM <debug> Getting all logs from the logbook collection...
[DB] 4/16/2024, 4:06:11 PM <info> Logs successfully gotten from the database.
[DB] 4/16/2024, 4:06:13 PM <info> Successfully connected to the database : project
[DB] 4/16/2024, 4:06:13 PM <debug> Inserting a log to the logbook collection (with object "test")...
[DB] 4/16/2024, 4:06:13 PM <info> A new log inserted to the logbook collection (with object "test")
[DB] 4/16/2024, 4:06:14 PM <info> Successfully connected to the database : project
[DB] 4/16/2024, 4:06:14 PM <debug> Getting all logs from the logbook collection...
[DB] 4/16/2024, 4:06:14 PM <info> Logs successfully gotten from the database.
[DB] 4/16/2024, 4:06:56 PM <info> Successfully connected to the database : project
[DB] 4/16/2024, 4:06:56 PM <debug> Getting all logs from the logbook collection...
[DB] 4/16/2024, 4:06:56 PM <info> Logs successfully gotten from the database.
[DB] 4/16/2024, 4:06:58 PM <info> Successfully connected to the database : project
[DB] 4/16/2024, 4:06:58 PM <debug> Inserting a log to the logbook collection (with object "test")...
[DB] 4/16/2024, 4:06:58 PM <info> A new log inserted to the logbook collection (with object "test")
[DB] 4/16/2024, 4:06:59 PM <info> Successfully connected to the database : project
[DB] 4/16/2024, 4:06:59 PM <debug> Getting all logs from the logbook collection...
[DB] 4/16/2024, 4:06:59 PM <info> Logs successfully gotten from the database.
[DB] 4/16/2024, 4:12:06 PM <info> Successfully connected to the database : project
[DB] 4/16/2024, 4:12:06 PM <debug> Getting all logs from the logbook collection...
[DB] 4/16/2024, 4:12:06 PM <info> Logs successfully gotten from the database.
[DB] 4/16/2024, 4:12:38 PM <info> Successfully connected to the database : project
[DB] 4/16/2024, 4:12:38 PM <debug> Getting all logs from the logbook collection...
[DB] 4/16/2024, 4:12:38 PM <info> Logs successfully gotten from the database.
[DB] 4/16/2024, 4:12:47 PM <info> Successfully connected to the database : project
[DB] 4/16/2024, 4:12:47 PM <debug> Getting all logs from the logbook collection...
[DB] 4/16/2024, 4:12:47 PM <info> Logs successfully gotten from the database.
[DB] 4/16/2024, 4:12:52 PM <info> Successfully connected to the database : project
[DB] 4/16/2024, 4:12:52 PM <debug> Getting all logs from the logbook collection...
[DB] 4/16/2024, 4:12:52 PM <info> Logs successfully gotten from the database.
[DB] 4/16/2024, 4:15:35 PM <info> Successfully connected to the database : project
[DB] 4/16/2024, 4:15:35 PM <debug> Getting all logs from the logbook collection...
[DB] 4/16/2024, 4:15:35 PM <info> Logs successfully gotten from the database.
[DB] 4/16/2024, 4:22:28 PM <info> Successfully connected to the database : project
[DB] 4/16/2024, 4:22:28 PM <debug> Getting all logs from the logbook collection...
[DB] 4/16/2024, 4:22:28 PM <info> Logs successfully gotten from the database.
[DB] 4/16/2024, 4:22:48 PM <info> Successfully connected to the database : project
[DB] 4/16/2024, 4:22:48 PM <debug> Inserting a log to the logbook collection (with object "undefined")...
[DB] 4/16/2024, 4:22:48 PM <info> A new log inserted to the logbook collection (with object "undefined")
[DB] 4/16/2024, 4:22:56 PM <info> Successfully connected to the database : project
[DB] 4/16/2024, 4:22:56 PM <debug> Getting all logs from the logbook collection...
[DB] 4/16/2024, 4:22:56 PM <info> Logs successfully gotten from the database.
[DB] 4/16/2024, 4:23:19 PM <info> Successfully connected to the database : project
[DB] 4/16/2024, 4:23:19 PM <debug> Getting all logs from the logbook collection...
[DB] 4/16/2024, 4:23:19 PM <info> Logs successfully gotten from the database.
[DB] 4/16/2024, 4:23:23 PM <info> Successfully connected to the database : project
[DB] 4/16/2024, 4:23:23 PM <debug> Getting all logs from the logbook collection...
[DB] 4/16/2024, 4:23:23 PM <info> Logs successfully gotten from the database.
[DB] 4/16/2024, 4:23:31 PM <info> Successfully connected to the database : project
[DB] 4/16/2024, 4:23:31 PM <debug> Getting all logs from the logbook collection...
[DB] 4/16/2024, 4:23:31 PM <info> Logs successfully gotten from the database.
[DB] 4/16/2024, 4:24:47 PM <info> Successfully connected to the database : project
[DB] 4/16/2024, 4:24:47 PM <debug> Getting all logs from the logbook collection...
[DB] 4/16/2024, 4:24:47 PM <info> Logs successfully gotten from the database.
[DB] 4/16/2024, 4:25:01 PM <info> Successfully connected to the database : project
[DB] 4/16/2024, 4:25:01 PM <debug> Getting all logs from the logbook collection...
[DB] 4/16/2024, 4:25:01 PM <info> Logs successfully gotten from the database.
[DB] 4/16/2024, 4:25:20 PM <info> Successfully connected to the database : project
[DB] 4/16/2024, 4:25:20 PM <debug> Getting all logs from the logbook collection...
[DB] 4/16/2024, 4:25:20 PM <info> Logs successfully gotten from the database.
[DB] 4/16/2024, 4:26:26 PM <info> Successfully connected to the database : project
[DB] 4/16/2024, 4:26:26 PM <debug> Getting all logs from the logbook collection...
[DB] 4/16/2024, 4:26:26 PM <info> Logs successfully gotten from the database.
[DB] 4/16/2024, 4:27:52 PM <info> Successfully connected to the database : project
[DB] 4/16/2024, 4:27:52 PM <debug> Getting all logs from the logbook collection...
[DB] 4/16/2024, 4:27:52 PM <info> Logs successfully gotten from the database.
[DB] 4/16/2024, 4:28:10 PM <info> Successfully connected to the database : project
[DB] 4/16/2024, 4:28:10 PM <debug> Getting all logs from the logbook collection...
[DB] 4/16/2024, 4:28:10 PM <info> Logs successfully gotten from the database.
[DB] 4/16/2024, 4:28:13 PM <info> Successfully connected to the database : project
[DB] 4/16/2024, 4:28:13 PM <debug> Getting all logs from the logbook collection...
[DB] 4/16/2024, 4:28:13 PM <info> Logs successfully gotten from the database.
[DB] 4/16/2024, 4:28:15 PM <info> Successfully connected to the database : project
[DB] 4/16/2024, 4:28:15 PM <debug> Getting all logs from the logbook collection...
[DB] 4/16/2024, 4:28:15 PM <info> Logs successfully gotten from the database.
[DB] 4/16/2024, 4:28:17 PM <info> Successfully connected to the database : project
[DB] 4/16/2024, 4:28:17 PM <debug> Getting all logs from the logbook collection...
[DB] 4/16/2024, 4:28:17 PM <info> Logs successfully gotten from the database.
[DB] 4/16/2024, 4:28:44 PM <info> Successfully connected to the database : project
[DB] 4/16/2024, 4:28:44 PM <debug> Getting all logs from the logbook collection...
[DB] 4/16/2024, 4:28:44 PM <info> Logs successfully gotten from the database.
[DB] 4/16/2024, 4:28:46 PM <info> Successfully connected to the database : project
[DB] 4/16/2024, 4:28:46 PM <debug> Getting all logs from the logbook collection...
[DB] 4/16/2024, 4:28:46 PM <info> Logs successfully gotten from the database.
[DB] 4/16/2024, 4:28:48 PM <info> Successfully connected to the database : project
[DB] 4/16/2024, 4:28:48 PM <debug> Getting all logs from the logbook collection...
[DB] 4/16/2024, 4:28:48 PM <info> Logs successfully gotten from the database.
[DB] 4/16/2024, 4:28:56 PM <info> Successfully connected to the database : project
[DB] 4/16/2024, 4:28:56 PM <debug> Getting all logs from the logbook collection...
[DB] 4/16/2024, 4:28:56 PM <info> Logs successfully gotten from the database.
[DB] 4/16/2024, 4:28:59 PM <info> Successfully connected to the database : project
[DB] 4/16/2024, 4:28:59 PM <debug> Getting all logs from the logbook collection...
[DB] 4/16/2024, 4:28:59 PM <info> Logs successfully gotten from the database.
[DB] 4/16/2024, 4:29:20 PM <info> Successfully connected to the database : project
[DB] 4/16/2024, 4:29:20 PM <debug> Getting all logs from the logbook collection...
[DB] 4/16/2024, 4:29:20 PM <info> Logs successfully gotten from the database.
[DB] 4/16/2024, 4:29:25 PM <info> Successfully connected to the database : project
[DB] 4/16/2024, 4:29:25 PM <debug> Getting all logs from the logbook collection...
[DB] 4/16/2024, 4:29:25 PM <info> Logs successfully gotten from the database.
[DB] 4/16/2024, 4:29:27 PM <info> Successfully connected to the database : project
[DB] 4/16/2024, 4:29:27 PM <debug> Getting all logs from the logbook collection...
[DB] 4/16/2024, 4:29:27 PM <info> Logs successfully gotten from the database.
[DB] 4/16/2024, 4:29:30 PM <info> Successfully connected to the database : project
[DB] 4/16/2024, 4:29:30 PM <debug> Getting all logs from the logbook collection...
[DB] 4/16/2024, 4:29:30 PM <info> Logs successfully gotten from the database.
[DB] 4/16/2024, 4:29:33 PM <info> Successfully connected to the database : project
[DB] 4/16/2024, 4:29:33 PM <debug> Getting all logs from the logbook collection...
[DB] 4/16/2024, 4:29:33 PM <info> Logs successfully gotten from the database.
[DB] 4/16/2024, 4:29:35 PM <info> Successfully connected to the database : project
[DB] 4/16/2024, 4:29:35 PM <debug> Getting all logs from the logbook collection...
[DB] 4/16/2024, 4:29:35 PM <info> Logs successfully gotten from the database.
[DB] 4/16/2024, 4:29:37 PM <info> Successfully connected to the database : project
[DB] 4/16/2024, 4:29:37 PM <debug> Getting all logs from the logbook collection...
[DB] 4/16/2024, 4:29:37 PM <info> Logs successfully gotten from the database.
[DB] 4/16/2024, 4:30:15 PM <info> Successfully connected to the database : project
[DB] 4/16/2024, 4:30:15 PM <debug> Getting all logs from the logbook collection...
[DB] 4/16/2024, 4:30:15 PM <info> Logs successfully gotten from the database.
[DB] 4/16/2024, 4:30:16 PM <info> Successfully connected to the database : project
[DB] 4/16/2024, 4:30:16 PM <debug> Getting all logs from the logbook collection...
[DB] 4/16/2024, 4:30:16 PM <info> Logs successfully gotten from the database.
[DB] 4/16/2024, 4:30:21 PM <info> Successfully connected to the database : project
[DB] 4/16/2024, 4:30:21 PM <debug> Inserting a log to the logbook collection (with object "undefined")...
[DB] 4/16/2024, 4:30:21 PM <info> A new log inserted to the logbook collection (with object "undefined")
[DB] 4/16/2024, 4:30:50 PM <info> Successfully connected to the database : project
[DB] 4/16/2024, 4:30:50 PM <debug> Getting all logs from the logbook collection...
[DB] 4/16/2024, 4:30:50 PM <info> Logs successfully gotten from the database.
[DB] 4/16/2024, 4:30:55 PM <info> Successfully connected to the database : project
[DB] 4/16/2024, 4:30:55 PM <debug> Getting all logs from the logbook collection...
[DB] 4/16/2024, 4:30:55 PM <info> Logs successfully gotten from the database.
[DB] 4/16/2024, 4:31:06 PM <info> Successfully connected to the database : project
[DB] 4/16/2024, 4:31:06 PM <debug> Getting all logs from the logbook collection...
[DB] 4/16/2024, 4:31:06 PM <info> Logs successfully gotten from the database.
[DB] 4/16/2024, 4:31:11 PM <info> Successfully connected to the database : project
[DB] 4/16/2024, 4:31:11 PM <debug> Inserting a log to the logbook collection (with object "undefined")...
[DB] 4/16/2024, 4:31:11 PM <info> A new log inserted to the logbook collection (with object "undefined")
[DB] 4/16/2024, 4:31:37 PM <info> Successfully connected to the database : project
[DB] 4/16/2024, 4:31:37 PM <debug> Getting all logs from the logbook collection...
[DB] 4/16/2024, 4:31:37 PM <info> Logs successfully gotten from the database.
[DB] 4/16/2024, 4:31:41 PM <info> Successfully connected to the database : project
[DB] 4/16/2024, 4:31:41 PM <debug> Inserting a log to the logbook collection (with object "undefined")...
[DB] 4/16/2024, 4:31:41 PM <info> A new log inserted to the logbook collection (with object "undefined")
[DB] 4/16/2024, 4:32:14 PM <info> Successfully connected to the database : project
[DB] 4/16/2024, 4:32:14 PM <debug> Getting all logs from the logbook collection...
[DB] 4/16/2024, 4:32:14 PM <info> Logs successfully gotten from the database.
[DB] 4/16/2024, 4:32:25 PM <info> Successfully connected to the database : project
[DB] 4/16/2024, 4:32:25 PM <debug> Getting all logs from the logbook collection...
[DB] 4/16/2024, 4:32:25 PM <info> Logs successfully gotten from the database.
[DB] 4/16/2024, 4:32:30 PM <info> Successfully connected to the database : project
[DB] 4/16/2024, 4:32:30 PM <debug> Inserting a log to the logbook collection (with object "undefined")...
[DB] 4/16/2024, 4:32:30 PM <info> A new log inserted to the logbook collection (with object "undefined")
[DB] 4/16/2024, 4:34:09 PM <info> Successfully connected to the database : project
[DB] 4/16/2024, 4:34:09 PM <debug> Getting all logs from the logbook collection...
[DB] 4/16/2024, 4:34:09 PM <info> Logs successfully gotten from the database.
[DB] 4/16/2024, 4:34:15 PM <info> Successfully connected to the database : project
[DB] 4/16/2024, 4:34:15 PM <debug> Getting all logs from the logbook collection...
[DB] 4/16/2024, 4:34:15 PM <info> Logs successfully gotten from the database.
[DB] 4/16/2024, 4:34:19 PM <info> Successfully connected to the database : project
[DB] 4/16/2024, 4:34:19 PM <debug> Getting all logs from the logbook collection...
[DB] 4/16/2024, 4:34:19 PM <info> Logs successfully gotten from the database.
[DB] 4/16/2024, 4:34:20 PM <info> Successfully connected to the database : project
[DB] 4/16/2024, 4:34:20 PM <debug> Getting all logs from the logbook collection...
[DB] 4/16/2024, 4:34:20 PM <info> Logs successfully gotten from the database.
[DB] 4/16/2024, 4:34:36 PM <info> Successfully connected to the database : project
[DB] 4/16/2024, 4:34:36 PM <debug> Getting all logs from the logbook collection...
[DB] 4/16/2024, 4:34:36 PM <info> Logs successfully gotten from the database.
[DB] 4/16/2024, 4:34:41 PM <info> Successfully connected to the database : project
[DB] 4/16/2024, 4:34:41 PM <debug> Inserting a log to the logbook collection (with object "gerg")...
[DB] 4/16/2024, 4:34:41 PM <info> A new log inserted to the logbook collection (with object "gerg")
[DB] 4/16/2024, 4:34:53 PM <info> Successfully connected to the database : project
[DB] 4/16/2024, 4:34:53 PM <debug> Getting all logs from the logbook collection...
[DB] 4/16/2024, 4:34:53 PM <info> Logs successfully gotten from the database.
[DB] 4/16/2024, 4:34:59 PM <info> Successfully connected to the database : project
[DB] 4/16/2024, 4:34:59 PM <debug> Getting all logs from the logbook collection...
[DB] 4/16/2024, 4:34:59 PM <info> Logs successfully gotten from the database.
[DB] 4/16/2024, 4:35:06 PM <info> Successfully connected to the database : project
[DB] 4/16/2024, 4:35:06 PM <debug> Getting all logs from the logbook collection...
[DB] 4/16/2024, 4:35:06 PM <info> Logs successfully gotten from the database.
[DB] 4/16/2024, 4:35:14 PM <info> Successfully connected to the database : project
[DB] 4/16/2024, 4:35:14 PM <debug> Inserting a log to the logbook collection (with object "coucou")...
[DB] 4/16/2024, 4:35:14 PM <info> A new log inserted to the logbook collection (with object "coucou")
[DB] 4/16/2024, 4:35:14 PM <info> Successfully connected to the database : project
[DB] 4/16/2024, 4:35:14 PM <debug> Getting all logs from the logbook collection...
[DB] 4/16/2024, 4:35:14 PM <info> Logs successfully gotten from the database.
[DB] 4/16/2024, 4:38:09 PM <info> Successfully connected to the database : project
[DB] 4/16/2024, 4:38:09 PM <debug> Getting all logs from the logbook collection...
[DB] 4/16/2024, 4:38:09 PM <info> Logs successfully gotten from the database.
[DB] 4/16/2024, 4:38:12 PM <info> Successfully connected to the database : project
[DB] 4/16/2024, 4:38:12 PM <debug> Getting all logs from the logbook collection...
[DB] 4/16/2024, 4:38:12 PM <info> Logs successfully gotten from the database.
[DB] 4/16/2024, 4:38:16 PM <info> Successfully connected to the database : project
[DB] 4/16/2024, 4:38:16 PM <debug> Getting all logs from the logbook collection...
[DB] 4/16/2024, 4:38:16 PM <info> Logs successfully gotten from the database.
[DB] 4/16/2024, 4:38:19 PM <info> Successfully connected to the database : project
[DB] 4/16/2024, 4:38:19 PM <debug> Getting all logs from the logbook collection...
[DB] 4/16/2024, 4:38:19 PM <info> Logs successfully gotten from the database.
[DB] 4/16/2024, 4:46:43 PM <info> Successfully connected to the database : project
[DB] 4/16/2024, 4:46:43 PM <debug> Getting all logs from the logbook collection...
[DB] 4/16/2024, 4:46:43 PM <info> Logs successfully gotten from the database.
[DB] 4/23/2024, 2:17:08 PM <info> Connect to DB!
[DB] 4/23/2024, 2:17:28 PM <info> Connect to DB!
[DB] 4/23/2024, 2:17:36 PM <info> Connect to DB!
[DB] 4/23/2024, 2:19:16 PM <info> Connect to DB!
[DB] 4/23/2024, 2:20:30 PM <info> Connect to DB!
[DB] 4/23/2024, 2:20:55 PM <info> Connect to DB!
[DB] 4/23/2024, 2:21:11 PM <info> Connect to DB!
[DB] 4/23/2024, 2:21:15 PM <info> Connect to DB!
[DB] 4/23/2024, 2:21:49 PM <info> Connect to DB!
[DB] 4/23/2024, 2:21:55 PM <info> Connect to DB!
[DB] 4/23/2024, 2:25:16 PM <info> Connect to DB!
[DB] 4/23/2024, 2:25:37 PM <info> Connect to DB!
[DB] 4/23/2024, 2:25:44 PM <info> Connect to DB!
[DB] 4/23/2024, 2:25:45 PM <info> Connect to DB!
[DB] 4/23/2024, 2:25:51 PM <info> Connect to DB!
[DB] 4/23/2024, 2:25:58 PM <info> Connect to DB!
[DB] 4/23/2024, 2:26:03 PM <info> Connect to DB!
[DB] 4/23/2024, 2:26:05 PM <info> Connect to DB!
[DB] 4/23/2024, 2:26:08 PM <info> Connect to DB!
[DB] 4/23/2024, 2:26:13 PM <info> Connect to DB!
[DB] 4/23/2024, 2:26:17 PM <info> Connect to DB!
[DB] 4/23/2024, 2:28:41 PM <info> Connect to DB!
[DB] 4/23/2024, 2:28:45 PM <info> Connect to DB!
[DB] 4/23/2024, 2:28:59 PM <info> Connect to DB!
[DB] 4/23/2024, 2:29:01 PM <info> Connect to DB!
[DB] 4/23/2024, 2:29:07 PM <info> Connect to DB!
[DB] 4/23/2024, 2:29:13 PM <info> Connect to DB!
[DB] 4/23/2024, 2:29:18 PM <info> Connect to DB!
[DB] 4/23/2024, 2:29:24 PM <info> Connect to DB!
[DB] 4/23/2024, 2:29:27 PM <info> Connect to DB!
[DB] 4/23/2024, 2:29:32 PM <info> Connect to DB!
[DB] 4/23/2024, 2:29:36 PM <info> Connect to DB!
[DB] 4/23/2024, 2:29:38 PM <info> Connect to DB!
[DB] 4/23/2024, 2:29:42 PM <info> Connect to DB!
[DB] 4/23/2024, 2:29:47 PM <info> Connect to DB!
[DB] 4/23/2024, 2:29:53 PM <info> Connect to DB!
[DB] 4/23/2024, 2:32:44 PM <info> Connected to DB!
[DB] 4/23/2024, 2:32:52 PM <info> Connected to DB!
[DB] 4/23/2024, 2:43:25 PM <info> Connected to DB!
[DB] 4/23/2024, 2:43:28 PM <info> Connected to DB!
[DB] 4/23/2024, 2:43:35 PM <info> Connected to DB!
[DB] 4/23/2024, 2:44:04 PM <info> Connected to DB!
[DB] 4/23/2024, 2:44:09 PM <info> Connected to DB!
[DB] 4/23/2024, 2:44:19 PM <info> Connected to DB!
[DB] 4/23/2024, 3:47:03 PM <info> Connected to DB!
[DB] 4/23/2024, 3:48:08 PM <info> Connected to DB!
[DB] 4/23/2024, 3:50:17 PM <info> Connected to DB!
[DB] 4/23/2024, 3:50:20 PM <info> Connected to DB!
[DB] 4/23/2024, 3:50:23 PM <info> Connected to DB!
[DB] 4/23/2024, 3:51:59 PM <info> Connected to DB!
[DB] 4/23/2024, 3:52:00 PM <info> Connected to DB!
[DB] 4/23/2024, 3:52:03 PM <info> Connected to DB!
[DB] 4/23/2024, 3:52:06 PM <info> Connected to DB!
[DB] 4/23/2024, 3:52:08 PM <info> Connected to DB!
[DB] 4/23/2024, 3:52:09 PM <info> Connected to DB!
[DB] 4/23/2024, 3:54:04 PM <info> Connected to DB!
[DB] 4/23/2024, 3:55:27 PM <info> Connected to DB!
[DB] 4/23/2024, 3:55:29 PM <info> Connected to DB!
[DB] 4/23/2024, 3:55:33 PM <info> Connected to DB!
[DB] 4/23/2024, 3:56:04 PM <info> Connected to DB!
[DB] 4/23/2024, 3:56:06 PM <info> Connected to DB!
[DB] 4/23/2024, 3:56:41 PM <info> Connected to DB!
[DB] 4/23/2024, 3:56:47 PM <info> Connected to DB!
[DB] 4/23/2024, 3:56:48 PM <info> Connected to DB!
[DB] 4/23/2024, 3:57:18 PM <info> Connected to DB!
[DB] 4/23/2024, 3:58:03 PM <info> Connected to DB!
[DB] 4/23/2024, 3:59:25 PM <info> Connected to DB!
[DB] 4/23/2024, 3:59:36 PM <info> Connected to DB!
[DB] 4/23/2024, 4:00:00 PM <info> Connected to DB!
[DB] 4/23/2024, 4:00:13 PM <info> Connected to DB!
[DB] 4/23/2024, 4:00:15 PM <info> Connected to DB!
[DB] 4/23/2024, 4:00:18 PM <info> Connected to DB!
[DB] 4/23/2024, 4:00:22 PM <info> Connected to DB!
[DB] 4/23/2024, 4:00:23 PM <info> Connected to DB!
[DB] 4/23/2024, 4:00:45 PM <info> Connected to DB!
[DB] 4/23/2024, 4:00:51 PM <info> Connected to DB!
[DB] 4/23/2024, 4:00:55 PM <info> Connected to DB!
[DB] 4/23/2024, 4:00:58 PM <info> Connected to DB!
[DB] 4/23/2024, 4:01:31 PM <info> Connected to DB!
[DB] 4/23/2024, 4:01:40 PM <info> Connected to DB!
[DB] 4/23/2024, 4:05:53 PM <info> Connected to DB!
[DB] 4/23/2024, 4:05:56 PM <info> Connected to DB!
[DB] 4/23/2024, 4:10:04 PM <info> GET /logbook
[DB] 4/23/2024, 4:10:06 PM <info> GET /logbook
[DB] 4/23/2024, 4:10:25 PM <info> POST /logbook
[DB] 4/23/2024, 4:10:25 PM <info> GET /logbook
[DB] 4/23/2024, 4:15:24 PM <info> Connected to DB!
[DB] 4/23/2024, 4:15:31 PM <info> Connected to DB!
[DB] 4/23/2024, 4:15:33 PM <info> Connected to DB!
[DB] 4/23/2024, 4:15:34 PM <info> Connected to DB!
[DB] 4/23/2024, 4:15:38 PM <info> Connected to DB!
[DB] 4/23/2024, 4:15:40 PM <info> Connected to DB!
[DB] 4/23/2024, 4:15:45 PM <info> Connected to DB!
[DB] 4/23/2024, 4:15:48 PM <info> Connected to DB!
[DB] 4/23/2024, 4:16:25 PM <info> Connected to DB!
[DB] 4/23/2024, 4:16:28 PM <info> Connected to DB!
[DB] 4/23/2024, 4:17:36 PM <info> Connected to DB!
[DB] 4/23/2024, 4:17:38 PM <info> Connected to DB!
[DB] 4/23/2024, 4:17:46 PM <info> Connected to DB!
[DB] 4/23/2024, 4:17:48 PM <info> Connected to DB!
[DB] 4/23/2024, 4:17:57 PM <info> Connected to DB!
[DB] 4/23/2024, 4:18:00 PM <info> Connected to DB!
[DB] 4/23/2024, 4:18:02 PM <info> Connected to DB!
[DB] 4/23/2024, 4:18:15 PM <info> Connected to DB!
[DB] 4/23/2024, 4:18:18 PM <info> Connected to DB!
[DB] 4/23/2024, 4:18:35 PM <info> Connected to DB!
[DB] 4/23/2024, 4:19:08 PM <info> Connected to DB!
[DB] 4/23/2024, 4:19:11 PM <info> Connected to DB!
[DB] 4/23/2024, 4:19:17 PM <info> Connected to DB!
[DB] 4/23/2024, 4:19:19 PM <info> Connected to DB!
[DB] 4/23/2024, 4:19:20 PM <info> Connected to DB!
[DB] 4/23/2024, 4:19:23 PM <info> Connected to DB!
[DB] 4/23/2024, 4:19:26 PM <info> Connected to DB!
[DB] 4/23/2024, 4:19:29 PM <info> Connected to DB!
[DB] 4/23/2024, 4:19:30 PM <info> Connected to DB!
[DB] 4/23/2024, 4:19:34 PM <info> Connected to DB!
[DB] 4/23/2024, 4:19:56 PM <info> Connected to DB!
[DB] 4/23/2024, 4:21:23 PM <info> Connected to DB!
[DB] 4/23/2024, 4:21:28 PM <info> Connected to DB!
[DB] 4/23/2024, 4:21:32 PM <info> Connected to DB!
[DB] 4/23/2024, 4:21:51 PM <info> Connected to DB!
[DB] 4/23/2024, 4:21:56 PM <info> Connected to DB!
[DB] 4/23/2024, 4:21:58 PM <info> Connected to DB!
[DB] 4/23/2024, 4:22:04 PM <info> Connected to DB!
[DB] 4/23/2024, 4:22:10 PM <info> Connected to DB!
[DB] 4/23/2024, 4:22:38 PM <info> Connected to DB!
[DB] 4/23/2024, 4:22:59 PM <info> Connected to DB!
[DB] 4/23/2024, 4:23:09 PM <info> Connected to DB!
[DB] 4/23/2024, 4:23:19 PM <info> Connected to DB!
[DB] 4/23/2024, 4:23:20 PM <info> Connected to DB!
[DB] 4/23/2024, 4:23:27 PM <info> Connected to DB!
[DB] 4/23/2024, 4:23:29 PM <info> Connected to DB!
[DB] 4/23/2024, 4:23:31 PM <info> Connected to DB!
[DB] 4/23/2024, 4:23:35 PM <info> Connected to DB!
[DB] 4/23/2024, 4:23:45 PM <info> Connected to DB!
[DB] 4/23/2024, 4:23:46 PM <info> Connected to DB!
[DB] 4/23/2024, 4:24:06 PM <info> Connected to DB!
[DB] 4/23/2024, 4:24:09 PM <info> Connected to DB!
[DB] 4/23/2024, 4:24:22 PM <info> Connected to DB!
[DB] 4/23/2024, 4:24:23 PM <info> Connected to DB!
[DB] 4/23/2024, 4:24:26 PM <info> Connected to DB!
[DB] 4/23/2024, 4:24:33 PM <info> Connected to DB!
[DB] 4/23/2024, 4:24:38 PM <info> Connected to DB!
[DB] 4/23/2024, 4:24:40 PM <info> Connected to DB!
[DB] 4/23/2024, 4:24:43 PM <info> Connected to DB!
[DB] 4/23/2024, 4:24:47 PM <info> Connected to DB!
[DB] 4/23/2024, 4:24:50 PM <info> Connected to DB!
[DB] 4/23/2024, 4:24:57 PM <info> Connected to DB!
[DB] 4/23/2024, 4:25:00 PM <info> Connected to DB!
[DB] 4/23/2024, 4:25:08 PM <info> Connected to DB!
[DB] 4/23/2024, 4:25:30 PM <info> Connected to DB!
[DB] 4/23/2024, 4:25:31 PM <info> POST /signals
[DB] 4/23/2024, 4:25:31 PM <info> New Signal item inserted
[DB] 4/23/2024, 4:25:31 PM <info> New Signal item inserted
[DB] 4/23/2024, 4:25:31 PM <info> New Signal item inserted
[DB] 4/23/2024, 4:25:31 PM <info> New Signal item inserted
[DB] 4/23/2024, 4:25:31 PM <info> New Signal item inserted
[DB] 4/23/2024, 4:25:31 PM <info> New Signal item inserted
[DB] 4/23/2024, 4:25:31 PM <info> New Signal item inserted
[DB] 4/23/2024, 4:25:31 PM <info> New Signal item inserted
[DB] 4/23/2024, 4:25:31 PM <info> New Signal item inserted
[DB] 4/23/2024, 4:25:31 PM <info> New Signal item inserted
[DB] 4/23/2024, 4:25:31 PM <info> New Signal item inserted
[DB] 4/23/2024, 4:25:31 PM <info> New Signal item inserted
[DB] 4/23/2024, 4:25:31 PM <info> New Signal item inserted
[DB] 4/23/2024, 4:25:31 PM <info> New Signal item inserted
[DB] 4/23/2024, 4:27:15 PM <info> Connected to DB!
[DB] 4/24/2024, 4:46:26 PM <info> Connected to DB!
[DB] 4/24/2024, 4:54:12 PM <info> Connected to DB!
[DB] 4/24/2024, 4:54:13 PM <info> Connected to DB!
[DB] 4/24/2024, 5:03:03 PM <info> Connected to DB!
[DB] 4/24/2024, 5:03:44 PM <info> Connected to DB!
[DB] 4/24/2024, 5:03:50 PM <info> Connected to DB!
[DB] 4/24/2024, 5:03:53 PM <info> Connected to DB!
[DB] 4/24/2024, 5:05:51 PM <info> Connected to DB!
[DB] 4/24/2024, 5:06:05 PM <info> Connected to DB!
[DB] 4/24/2024, 5:06:27 PM <info> Connected to DB!
[DB] 4/24/2024, 5:12:20 PM <error> Authentication failed.
[DB] 4/24/2024, 5:12:35 PM <error> Authentication failed.
[DB] 4/24/2024, 5:13:22 PM <info> Connected to DB!
[DB] 4/24/2024, 5:20:33 PM <info> Connected to DB!
[DB] 4/24/2024, 5:20:39 PM <info> Connected to DB!
[DB] 4/24/2024, 5:22:09 PM <info> Connected to DB!
[DB] 4/24/2024, 5:24:08 PM <info> GET /logbook
[DB] 4/24/2024, 5:24:16 PM <info> POST /logbook
[DB] 4/24/2024, 5:24:47 PM <info> GET /logbook
[DB] 4/24/2024, 5:29:03 PM <info> Connected to DB!
[DB] 4/24/2024, 5:29:09 PM <info> Connected to DB!
[DB] 4/24/2024, 5:29:12 PM <info> Connected to DB!
[DB] 4/24/2024, 5:29:17 PM <info> Connected to DB!
[DB] 4/24/2024, 5:29:33 PM <info> GET /logbook
[DB] 4/24/2024, 5:29:41 PM <info> POST /logbook
[DB] 4/24/2024, 5:29:41 PM <info> GET /logbook
[DB] 4/26/2024, 8:42:41 AM <info> Connected to DB!
[DB] 4/26/2024, 8:43:51 AM <info> GET /logbook
[DB] 4/26/2024, 8:44:00 AM <info> POST /logbook
[DB] 4/26/2024, 8:44:25 AM <info> Connected to DB!
[DB] 4/26/2024, 8:44:26 AM <info> Connected to DB!
[DB] 4/26/2024, 8:44:28 AM <info> Connected to DB!
[DB] 4/26/2024, 8:44:29 AM <info> Connected to DB!
[DB] 4/26/2024, 8:44:32 AM <info> Connected to DB!
[DB] 4/26/2024, 8:44:42 AM <info> Connected to DB!
[DB] 4/26/2024, 8:44:44 AM <info> Connected to DB!
[DB] 4/26/2024, 8:44:50 AM <info> Connected to DB!
[DB] 4/26/2024, 8:45:04 AM <info> New logbook saved with id 662b4d709ded6cde9e33b31c
[DB] 4/26/2024, 8:45:28 AM <info> Connected to DB!
