[HTTP] 17/01/2024 15:31:50 <info> Server listening on port
[HTTP] 17/01/2024 15:39:24 <info> Server listening on port
[HTTP] 17/01/2024 15:39:26 <info> Server listening on port
[HTTP] 17/01/2024 15:39:31 <info> Server listening on port
[HTTP] 17/01/2024 15:39:42 <info> Server listening on port
[HTTP] 17/01/2024 15:39:44 <info> Server listening on port
[HTTP] 17/01/2024 15:39:46 <info> Server listening on port
[HTTP] 17/01/2024 15:39:55 <info> Server listening on port
[HTTP] 17/01/2024 15:40:01 <info> Server listening on port
[HTTP] 17/01/2024 15:40:05 <info> Server listening on port
[HTTP] 17/01/2024 15:40:10 <info> Server listening on port
[HTTP] 17/01/2024 15:40:12 <info> Server listening on port
[HTTP] 17/01/2024 15:40:15 <info> Server listening on port
[HTTP] 17/01/2024 15:40:17 <info> Server listening on port
[HTTP] 17/01/2024 15:41:31 <info> Server listening on port
[HTTP] 17/01/2024 15:41:57 <info> Server listening on port
[HTTP] 17/01/2024 15:43:02 <info> Server listening on port
[HTTP] 17/01/2024 15:43:18 <info> Server listening on port
[HTTP] 17/01/2024 15:43:19 <info> Server listening on port
[HTTP] 17/01/2024 15:44:04 <info> Request for the home page
[HTTP] 17/01/2024 15:44:29 <info> Server listening on port
[HTTP] 17/01/2024 15:44:31 <info> Request for the home page
[HTTP] 1/17/2024, 4:20:16 PM <info> Server listening on port
[HTTP] 1/17/2024, 4:22:32 PM <info> Server listening on port
[HTTP] 17/01/2024 16:23:27 <info> Server listening on port
[HTTP] 17/01/2024 16:24:08 <info> Server listening on port 8080
[HTTP] 17/01/2024 16:24:35 <info> Server listening on port 8080
[HTTP] 17/01/2024 16:24:55 <info> Server listening on port 8080
[HTTP] 17/01/2024 16:25:05 <info> Server listening on port 8080
[HTTP] 17/01/2024 16:26:12 <info> Server listening on port 8080
[HTTP] 17/01/2024 16:26:51 <info> Server listening on port 8080
[HTTP] 1/17/2024, 4:27:05 PM <info> Server listening on port 80
[HTTP] 1/17/2024, 4:27:23 PM <info> Request for the home page
[HTTP] 1/17/2024, 4:28:00 PM <info> Server listening on port 80
[HTTP] 1/17/2024, 4:28:32 PM <info> Request for the home page
[HTTP] 1/17/2024, 4:28:33 PM <info> Request for the home page
[HTTP] 1/17/2024, 4:30:23 PM <info> Server listening on port 80
[HTTP] 1/17/2024, 4:30:38 PM <info> Server listening on port 80
[HTTP] 1/17/2024, 4:30:52 PM <info> Server listening on port 80
[HTTP] 1/18/2024, 8:10:49 AM <info> Server listening on port 80
[HTTP] 1/18/2024, 8:20:52 AM <info> Server listening on port 80
[HTTP] 1/18/2024, 2:02:22 PM <info> Server listening on port 80
[HTTP] 1/18/2024, 2:03:15 PM <info> Server listening on port 80
[HTTP] 1/18/2024, 2:03:48 PM <info> Request for the home page
[HTTP] 1/18/2024, 2:06:26 PM <info> Server listening on port 80
[HTTP] 1/22/2024, 4:31:01 PM <info> Server listening on port 80
[HTTP] 1/22/2024, 4:31:07 PM <info> Server listening on port 80
[HTTP] 1/22/2024, 4:31:14 PM <info> Server listening on port 80
[HTTP] 1/22/2024, 4:31:20 PM <info> Server listening on port 80
[HTTP] 1/22/2024, 4:34:20 PM <info> Request for the home page
[HTTP] 1/22/2024, 4:36:18 PM <info> Server listening on port 80
[HTTP] 1/22/2024, 4:39:07 PM <info> Server listening on port 80
[HTTP] 1/22/2024, 4:39:59 PM <info> Server listening on port 80
[HTTP] 1/22/2024, 4:40:10 PM <info> Server listening on port 80
[HTTP] 1/22/2024, 4:40:19 PM <info> Server listening on port 80
[HTTP] 1/22/2024, 4:40:26 PM <info> Server listening on port 80
[HTTP] 1/22/2024, 4:42:09 PM <info> Server listening on port 80
[HTTP] 1/22/2024, 4:42:10 PM <info> Server listening on port 80
[HTTP] 1/22/2024, 4:42:49 PM <info> Server listening on port 80
[HTTP] 1/22/2024, 4:42:51 PM <info> Server listening on port 80
[HTTP] 1/22/2024, 4:43:00 PM <info> Server listening on port 80
[HTTP] 1/22/2024, 4:43:03 PM <info> Server listening on port 80
[HTTP] 1/22/2024, 4:43:09 PM <info> Server listening on port 80
[HTTP] 1/22/2024, 4:43:44 PM <info> Server listening on port 80
[HTTP] 1/22/2024, 4:43:48 PM <info> Server listening on port 80
[HTTP] 1/22/2024, 4:43:51 PM <info> Server listening on port 80
[HTTP] 1/22/2024, 4:43:53 PM <info> Server listening on port 80
[HTTP] 1/22/2024, 4:43:57 PM <info> Server listening on port 80
[HTTP] 1/22/2024, 4:43:59 PM <info> Server listening on port 80
[HTTP] 1/22/2024, 4:44:02 PM <info> Server listening on port 80
[HTTP] 1/22/2024, 4:44:05 PM <info> Server listening on port 80
[HTTP] 1/22/2024, 4:44:08 PM <info> Server listening on port 80
[HTTP] 1/22/2024, 4:44:19 PM <info> Server listening on port 80
[HTTP] 1/22/2024, 4:44:32 PM <info> Server listening on port 80
[HTTP] 1/22/2024, 4:44:38 PM <info> Server listening on port 80
[HTTP] 1/22/2024, 4:44:44 PM <info> Server listening on port 80
[HTTP] 1/22/2024, 4:44:48 PM <info> Server listening on port 80
[HTTP] 1/22/2024, 4:45:19 PM <info> Server listening on port 80
[HTTP] 1/22/2024, 4:45:26 PM <info> Server listening on port 80
[HTTP] 1/22/2024, 4:45:32 PM <info> Server listening on port 80
[HTTP] 1/22/2024, 4:45:36 PM <info> Server listening on port 80
[HTTP] 1/22/2024, 4:45:43 PM <info> Server listening on port 80
[HTTP] 1/22/2024, 4:45:45 PM <info> Server listening on port 80
[HTTP] 1/22/2024, 4:45:48 PM <info> Server listening on port 80
[HTTP] 1/22/2024, 4:45:51 PM <info> Server listening on port 80
[HTTP] 1/22/2024, 4:46:09 PM <info> Server listening on port 80
[HTTP] 1/22/2024, 4:48:40 PM <info> Request for the home page
[HTTP] 1/22/2024, 4:48:55 PM <info> Server listening on port 80
[HTTP] 1/22/2024, 4:48:58 PM <info> Server listening on port 80
[HTTP] 1/22/2024, 4:49:03 PM <info> Server listening on port 80
[HTTP] 1/22/2024, 4:49:07 PM <info> Server listening on port 80
[HTTP] 1/22/2024, 4:49:10 PM <info> Server listening on port 80
[HTTP] 1/22/2024, 4:49:17 PM <info> Server listening on port 80
[HTTP] 1/22/2024, 4:52:18 PM <info> Request for the home page
[HTTP] 1/22/2024, 4:52:40 PM <info> Server listening on port 80
[HTTP] 1/22/2024, 4:52:42 PM <info> Request for the home page
[HTTP] 1/22/2024, 4:53:12 PM <info> Server listening on port 80
[HTTP] 1/22/2024, 4:53:22 PM <info> Server listening on port 80
[HTTP] 1/22/2024, 4:53:28 PM <info> Request for the home page
[HTTP] 1/22/2024, 4:53:36 PM <info> Server listening on port 80
[HTTP] 1/22/2024, 4:53:36 PM <info> Request for the home page
[HTTP] 1/22/2024, 4:54:26 PM <info> Server listening on port 80
[HTTP] 1/22/2024, 4:55:26 PM <info> Server listening on port 80
[HTTP] 1/22/2024, 4:55:33 PM <info> Server listening on port 80
[HTTP] 1/22/2024, 4:56:05 PM <info> Server listening on port 80
[HTTP] 1/22/2024, 4:56:52 PM <info> Server listening on port 80
[HTTP] 1/22/2024, 4:56:54 PM <info> Server listening on port 80
[HTTP] 1/22/2024, 4:57:42 PM <info> Server listening on port 80
[HTTP] 1/22/2024, 4:57:45 PM <info> Server listening on port 80
[HTTP] 1/22/2024, 4:57:48 PM <info> Server listening on port 80
[HTTP] 1/22/2024, 4:57:54 PM <info> Server listening on port 80
[HTTP] 1/22/2024, 4:57:59 PM <info> Server listening on port 80
[HTTP] 1/22/2024, 4:58:02 PM <info> Request for the home page
[HTTP] 1/22/2024, 5:01:00 PM <info> Server listening on port 80
[HTTP] 1/22/2024, 5:02:18 PM <info> Server listening on port 80
[HTTP] 1/22/2024, 5:02:19 PM <info> Server listening on port 80
[HTTP] 1/22/2024, 5:02:22 PM <info> Server listening on port 80
[HTTP] 1/22/2024, 5:03:21 PM <info> Server listening on port 80
[HTTP] 1/22/2024, 5:03:24 PM <info> Server listening on port 80
[HTTP] 1/22/2024, 5:03:26 PM <info> Server listening on port 80
[HTTP] 1/22/2024, 5:03:28 PM <info> Server listening on port 80
[HTTP] 1/22/2024, 5:03:31 PM <info> Server listening on port 80
[HTTP] 1/22/2024, 5:03:34 PM <info> Server listening on port 80
[HTTP] 1/22/2024, 5:03:44 PM <info> Server listening on port 80
[HTTP] 1/22/2024, 5:03:46 PM <info> Server listening on port 80
[HTTP] 1/22/2024, 5:04:09 PM <info> Server listening on port 80
[HTTP] 1/22/2024, 5:04:12 PM <info> Server listening on port 80
[HTTP] 1/22/2024, 5:04:14 PM <info> Server listening on port 80
[HTTP] 1/22/2024, 5:09:04 PM <info> Server listening on port 80
[HTTP] 1/22/2024, 5:09:11 PM <info> Server listening on port 80
[HTTP] 1/22/2024, 5:09:17 PM <info> Server listening on port 80
[HTTP] 1/22/2024, 5:09:31 PM <info> Server listening on port 80
[HTTP] 1/22/2024, 5:09:32 PM <info> Server listening on port 80
[HTTP] 1/22/2024, 5:09:34 PM <info> Server listening on port 80
[HTTP] 1/22/2024, 5:09:37 PM <info> Server listening on port 80
[HTTP] 1/22/2024, 5:09:43 PM <info> Server listening on port 80
[HTTP] 1/22/2024, 5:09:46 PM <info> Server listening on port 80
[HTTP] 1/22/2024, 5:09:47 PM <info> Server listening on port 80
[HTTP] 1/22/2024, 5:09:51 PM <info> Server listening on port 80
[HTTP] 1/22/2024, 5:09:54 PM <info> Server listening on port 80
[HTTP] 1/22/2024, 5:09:56 PM <info> Server listening on port 80
[HTTP] 1/22/2024, 5:10:00 PM <info> Server listening on port 80
[HTTP] 1/22/2024, 5:10:05 PM <info> Server listening on port 80
[HTTP] 1/22/2024, 5:10:09 PM <info> Server listening on port 80
[HTTP] 1/22/2024, 5:10:13 PM <info> Server listening on port 80
[HTTP] 1/22/2024, 5:10:19 PM <info> Server listening on port 80
[HTTP] 1/22/2024, 5:10:22 PM <info> Server listening on port 80
[HTTP] 1/22/2024, 5:10:29 PM <info> Server listening on port 80
[HTTP] 1/22/2024, 5:10:31 PM <info> Server listening on port 80
[HTTP] 1/22/2024, 5:10:32 PM <info> Server listening on port 80
[HTTP] 1/22/2024, 5:10:34 PM <info> Server listening on port 80
[HTTP] 1/22/2024, 5:10:35 PM <info> Server listening on port 80
[HTTP] 1/22/2024, 5:10:38 PM <info> Server listening on port 80
[HTTP] 1/22/2024, 5:10:46 PM <info> Server listening on port 80
[HTTP] 1/22/2024, 5:10:47 PM <info> Server listening on port 80
[HTTP] 1/22/2024, 5:11:05 PM <info> Server listening on port 80
[HTTP] 1/22/2024, 5:11:12 PM <info> Server listening on port 80
[HTTP] 1/22/2024, 5:15:37 PM <info> Server listening on port 80
[HTTP] 1/22/2024, 5:15:47 PM <info> Server listening on port 80
[HTTP] 1/22/2024, 5:15:51 PM <info> Server listening on port 80
[HTTP] 1/22/2024, 5:15:55 PM <info> Server listening on port 80
[HTTP] 1/22/2024, 5:15:57 PM <info> Server listening on port 80
[HTTP] 1/22/2024, 5:16:00 PM <info> Server listening on port 80
[HTTP] 1/22/2024, 5:16:06 PM <info> Server listening on port 80
[HTTP] 1/22/2024, 5:16:08 PM <info> Server listening on port 80
[HTTP] 1/22/2024, 5:16:09 PM <info> Server listening on port 80
[HTTP] 1/22/2024, 5:16:13 PM <info> Server listening on port 80
[HTTP] 1/22/2024, 5:16:17 PM <info> Server listening on port 80
[HTTP] 1/22/2024, 5:16:18 PM <info> Server listening on port 80
[HTTP] 1/22/2024, 5:17:09 PM <info> Server listening on port 80
[HTTP] 1/22/2024, 5:17:49 PM <info> Server listening on port 80
[HTTP] 1/22/2024, 5:17:52 PM <info> Server listening on port 80
[HTTP] 1/22/2024, 5:17:56 PM <info> Server listening on port 80
[HTTP] 1/22/2024, 5:18:04 PM <info> Server listening on port 80
[HTTP] 1/22/2024, 5:18:09 PM <info> Server listening on port 80
[HTTP] 1/22/2024, 5:18:18 PM <info> Server listening on port 80
[HTTP] 1/22/2024, 5:18:20 PM <info> Server listening on port 80
[HTTP] 1/22/2024, 5:18:27 PM <info> Server listening on port 80
[HTTP] 1/22/2024, 5:18:58 PM <info> Server listening on port 80
[HTTP] 1/22/2024, 5:20:41 PM <info> Server listening on port 80
[HTTP] 1/22/2024, 5:20:45 PM <info> Server listening on port 80
[HTTP] 1/22/2024, 5:20:48 PM <info> Server listening on port 80
[HTTP] 1/22/2024, 5:20:52 PM <info> Server listening on port 80
[HTTP] 1/22/2024, 5:20:55 PM <info> Server listening on port 80
[HTTP] 1/22/2024, 5:22:42 PM <info> Server listening on port 80
[HTTP] 1/22/2024, 5:22:55 PM <info> Server listening on port 80
[HTTP] 1/22/2024, 5:22:57 PM <info> Server listening on port 80
[HTTP] 1/22/2024, 5:23:07 PM <info> Server listening on port 80
[HTTP] 1/22/2024, 5:24:23 PM <info> Server listening on port 80
[HTTP] 1/22/2024, 5:24:24 PM <info> Server listening on port 80
[HTTP] 1/22/2024, 5:24:28 PM <info> Server listening on port 80
[HTTP] 1/22/2024, 5:24:30 PM <info> Server listening on port 80
[HTTP] 1/22/2024, 5:24:33 PM <info> Server listening on port 80
[HTTP] 1/22/2024, 5:24:39 PM <info> Server listening on port 80
[HTTP] 1/22/2024, 5:24:45 PM <info> Server listening on port 80
[HTTP] 1/22/2024, 5:24:51 PM <info> Server listening on port 80
[HTTP] 1/22/2024, 5:25:57 PM <info> Server listening on port 80
[HTTP] 1/22/2024, 5:26:04 PM <info> Server listening on port 80
[HTTP] 1/22/2024, 5:26:05 PM <info> Server listening on port 80
[HTTP] 1/22/2024, 5:26:07 PM <info> Server listening on port 80
[HTTP] 1/22/2024, 5:26:13 PM <info> Server listening on port 80
[HTTP] 1/22/2024, 5:26:22 PM <info> Server listening on port 80
[HTTP] 1/22/2024, 5:26:25 PM <info> Server listening on port 80
[HTTP] 1/22/2024, 5:27:00 PM <info> Server listening on port 80
[HTTP] 1/22/2024, 5:27:08 PM <info> Server listening on port 80
[HTTP] 1/22/2024, 5:27:10 PM <info> Server listening on port 80
[HTTP] 1/22/2024, 5:27:19 PM <info> Server listening on port 80
[HTTP] 1/22/2024, 5:27:23 PM <info> Server listening on port 80
[HTTP] 1/22/2024, 5:27:26 PM <info> Server listening on port 80
[HTTP] 1/22/2024, 5:27:28 PM <info> Server listening on port 80
[HTTP] 1/22/2024, 5:27:58 PM <info> Server listening on port 80
[HTTP] 1/22/2024, 5:28:00 PM <info> Server listening on port 80
[HTTP] 1/22/2024, 5:28:36 PM <info> Server listening on port 80
[HTTP] 1/22/2024, 5:28:48 PM <info> Server listening on port 80
[HTTP] 1/22/2024, 5:28:53 PM <info> Server listening on port 80
[HTTP] 1/22/2024, 5:28:56 PM <info> Server listening on port 80
[HTTP] 1/22/2024, 5:30:06 PM <info> Server listening on port 80
[HTTP] 1/22/2024, 5:30:14 PM <info> Server listening on port 80
[HTTP] 1/22/2024, 5:30:26 PM <info> Server listening on port 80
[HTTP] 1/22/2024, 5:31:36 PM <info> Server listening on port 80
[HTTP] 1/22/2024, 5:31:42 PM <info> Server listening on port 80
[HTTP] 1/22/2024, 5:31:47 PM <info> Server listening on port 80
[HTTP] 1/22/2024, 5:31:53 PM <info> Server listening on port 80
[HTTP] 1/22/2024, 5:32:01 PM <info> Server listening on port 80
[HTTP] 1/22/2024, 5:32:30 PM <info> Server listening on port 80
[HTTP] 1/22/2024, 5:32:37 PM <info> Server listening on port 80
[HTTP] 1/22/2024, 5:32:38 PM <info> Server listening on port 80
[HTTP] 1/22/2024, 5:32:40 PM <info> Server listening on port 80
[HTTP] 1/22/2024, 5:32:42 PM <info> Server listening on port 80
[HTTP] 1/24/2024, 10:56:39 AM <info> HTTP server listening on port 80
[HTTP] 1/24/2024, 10:57:04 AM <info> Request for the home page
[HTTP] 1/24/2024, 10:58:15 AM <info> HTTP server listening on port 80
[HTTP] 1/24/2024, 10:58:17 AM <info> Request for the home page
[HTTP] 1/24/2024, 10:59:04 AM <info> HTTP server listening on port 80
[HTTP] 1/24/2024, 10:59:07 AM <info> Request for the home page
[HTTP] 1/24/2024, 11:13:56 AM <info> HTTP server listening on port 80
[HTTP] 1/24/2024, 11:14:01 AM <info> Request for the home page
[HTTP] 1/24/2024, 11:15:31 AM <info> HTTP server listening on port 80
[HTTP] 1/24/2024, 11:15:36 AM <info> Request for the home page
[HTTP] 1/24/2024, 11:15:58 AM <info> HTTP server listening on port 80
[HTTP] 1/24/2024, 11:48:20 AM <info> HTTP server listening on port 80
[HTTP] 1/24/2024, 11:49:22 AM <info> HTTP server listening on port 80
[HTTP] 1/24/2024, 2:49:50 PM <info> HTTP server listening on port 80
[HTTP] 1/24/2024, 3:10:12 PM <info> HTTP server listening on port 80
[HTTP] 1/24/2024, 3:17:23 PM <info> HTTP server listening on port 80
[HTTP] 1/24/2024, 3:18:19 PM <info> HTTP server listening on port 80
[HTTP] 1/24/2024, 3:19:50 PM <info> HTTP server listening on port 80
[HTTP] 1/24/2024, 3:19:57 PM <info> HTTP server listening on port 80
[HTTP] 1/24/2024, 3:20:55 PM <info> HTTP server listening on port 80
[HTTP] 1/24/2024, 3:22:56 PM <info> HTTP server listening on port 80
[HTTP] 1/24/2024, 3:22:59 PM <info> HTTP server listening on port 80
[HTTP] 1/24/2024, 3:24:24 PM <info> HTTP server listening on port 80
[HTTP] 1/24/2024, 3:43:34 PM <info> HTTP server listening on port 80
[HTTP] 1/24/2024, 3:44:26 PM <info> HTTP server listening on port 80
[HTTP] 1/24/2024, 3:47:40 PM <info> HTTP server listening on port 80
[HTTP] 1/24/2024, 3:47:58 PM <info> HTTP server listening on port 80
[HTTP] 1/24/2024, 3:48:47 PM <info> HTTP server listening on port 80
[HTTP] 1/24/2024, 3:49:07 PM <info> Request for the home page
[HTTP] 1/24/2024, 3:54:08 PM <info> HTTP server listening on port 80
[HTTP] 1/24/2024, 3:54:14 PM <info> Request for the home page
[HTTP] 1/24/2024, 3:54:52 PM <info> HTTP server listening on port 80
[HTTP] 1/24/2024, 3:54:56 PM <info> HTTP server listening on port 80
[HTTP] 1/24/2024, 3:54:58 PM <info> Request for the home page
[HTTP] 1/24/2024, 3:55:20 PM <info> HTTP server listening on port 80
[HTTP] 1/24/2024, 3:55:21 PM <info> Request for the home page
[HTTP] 1/24/2024, 3:55:23 PM <info> Request for the home page
[HTTP] 1/24/2024, 3:55:52 PM <info> HTTP server listening on port 80
[HTTP] 1/24/2024, 3:55:54 PM <info> Request for the home page
[HTTP] 1/24/2024, 3:57:16 PM <info> HTTP server listening on port 80
[HTTP] 1/24/2024, 3:57:18 PM <info> Request for the home page
[HTTP] 1/24/2024, 3:57:20 PM <info> Request for the home page
[HTTP] 1/24/2024, 3:59:05 PM <info> HTTP server listening on port 80
[HTTP] 1/24/2024, 4:00:29 PM <info> HTTP server listening on port 8080
[HTTP] 1/24/2024, 4:00:39 PM <info> Request for the home page
[HTTP] 1/24/2024, 4:01:31 PM <info> HTTP server listening on port 8080
[HTTP] 1/24/2024, 4:02:41 PM <info> HTTP server listening on port 80
[HTTP] 1/24/2024, 4:02:46 PM <info> Request for the home page
[HTTP] 1/24/2024, 4:03:26 PM <info> Request for the home page
[HTTP] 1/24/2024, 4:03:37 PM <info> Request for the home page
[HTTP] 1/24/2024, 4:05:02 PM <info> HTTP server listening on port 80
[HTTP] 1/24/2024, 4:05:06 PM <info> Request for the home page
[HTTP] 2/7/2024, 11:09:15 AM <info> HTTP server listening on port 80
[HTTP] 2/7/2024, 11:32:55 AM <info> HTTP server listening on port 8080
[HTTP] 2/8/2024, 9:00:42 AM <info> HTTP server listening on port 8080
[HTTP] 2/8/2024, 11:22:39 AM <info> HTTP server listening on port 8080
[HTTP] 4/16/2024, 9:43:01 AM <info> HTTP server listening on port 8080
[HTTP] 4/16/2024, 9:44:43 AM <info> HTTP server listening on port 8080
[HTTP] 4/16/2024, 9:44:47 AM <info> HTTP server listening on port 8080
[HTTP] 4/16/2024, 9:46:38 AM <info> HTTP server listening on port 8080
[HTTP] 4/16/2024, 9:46:50 AM <info> HTTP server listening on port 8080
[HTTP] 4/16/2024, 10:07:47 AM <info> HTTP server listening on port 8080
[HTTP] 4/16/2024, 10:08:17 AM <info> HTTP server listening on port 8080
[HTTP] 4/16/2024, 11:08:58 AM <info> HTTP server listening on port 8080
[HTTP] 4/16/2024, 2:33:52 PM <info> HTTP server listening on port 8080
[HTTP] 4/16/2024, 2:40:25 PM <info> HTTP server listening on port 8080
[HTTP] 4/16/2024, 2:45:39 PM <info> HTTP server listening on port 8080
[HTTP] 4/16/2024, 2:50:11 PM <info> Request for the home page
[HTTP] 4/16/2024, 2:53:11 PM <info> HTTP server listening on port 8080
[HTTP] 4/16/2024, 2:53:15 PM <info> HTTP server listening on port 8080
[HTTP] 4/16/2024, 2:53:25 PM <info> HTTP server listening on port 8080
[HTTP] 4/16/2024, 2:53:54 PM <info> HTTP server listening on port 8080
[HTTP] 4/16/2024, 2:53:56 PM <info> HTTP server listening on port 8080
[HTTP] 4/16/2024, 2:53:58 PM <info> HTTP server listening on port 8080
[HTTP] 4/16/2024, 2:54:11 PM <info> HTTP server listening on port 8080
[HTTP] 4/16/2024, 2:54:16 PM <info> HTTP server listening on port 8080
[HTTP] 4/16/2024, 2:54:18 PM <info> HTTP server listening on port 8080
[HTTP] 4/16/2024, 2:54:19 PM <info> HTTP server listening on port 8080
[HTTP] 4/16/2024, 2:54:28 PM <info> HTTP server listening on port 8080
[HTTP] 4/16/2024, 2:54:32 PM <info> HTTP server listening on port 8080
[HTTP] 4/16/2024, 2:54:37 PM <info> HTTP server listening on port 8080
[HTTP] 4/16/2024, 2:54:38 PM <info> HTTP server listening on port 8080
[HTTP] 4/16/2024, 2:54:41 PM <info> HTTP server listening on port 8080
[HTTP] 4/16/2024, 2:54:56 PM <info> HTTP server listening on port 8080
[HTTP] 4/16/2024, 2:55:08 PM <info> HTTP server listening on port 8080
[HTTP] 4/16/2024, 2:55:18 PM <info> HTTP server listening on port 8080
[HTTP] 4/16/2024, 2:55:20 PM <info> HTTP server listening on port 8080
[HTTP] 4/16/2024, 2:55:22 PM <info> HTTP server listening on port 8080
[HTTP] 4/16/2024, 2:55:27 PM <info> HTTP server listening on port 8080
[HTTP] 4/16/2024, 2:55:30 PM <info> HTTP server listening on port 8080
[HTTP] 4/16/2024, 2:55:37 PM <info> HTTP server listening on port 8080
[HTTP] 4/16/2024, 2:55:41 PM <info> HTTP server listening on port 8080
[HTTP] 4/16/2024, 2:55:45 PM <info> HTTP server listening on port 8080
[HTTP] 4/16/2024, 2:55:54 PM <info> HTTP server listening on port 8080
[HTTP] 4/16/2024, 2:56:13 PM <info> HTTP server listening on port 8080
[HTTP] 4/16/2024, 2:56:16 PM <info> HTTP server listening on port 8080
[HTTP] 4/16/2024, 2:56:20 PM <info> HTTP server listening on port 8080
[HTTP] 4/16/2024, 2:56:22 PM <info> HTTP server listening on port 8080
[HTTP] 4/16/2024, 2:56:26 PM <info> HTTP server listening on port 8080
[HTTP] 4/16/2024, 2:56:32 PM <info> HTTP server listening on port 8080
[HTTP] 4/16/2024, 2:56:33 PM <info> HTTP server listening on port 8080
[HTTP] 4/16/2024, 2:56:42 PM <info> HTTP server listening on port 8080
[HTTP] 4/16/2024, 2:56:43 PM <info> HTTP server listening on port 8080
[HTTP] 4/16/2024, 2:56:46 PM <info> HTTP server listening on port 8080
[HTTP] 4/16/2024, 2:57:03 PM <info> HTTP server listening on port 8080
[HTTP] 4/16/2024, 2:57:05 PM <info> HTTP server listening on port 8080
[HTTP] 4/16/2024, 2:57:07 PM <info> HTTP server listening on port 8080
[HTTP] 4/16/2024, 2:57:18 PM <info> HTTP server listening on port 8080
[HTTP] 4/16/2024, 2:57:23 PM <info> HTTP server listening on port 8080
[HTTP] 4/16/2024, 2:57:35 PM <info> HTTP server listening on port 8080
[HTTP] 4/16/2024, 2:57:44 PM <info> HTTP server listening on port 8080
[HTTP] 4/16/2024, 2:57:47 PM <info> HTTP server listening on port 8080
[HTTP] 4/16/2024, 2:57:52 PM <info> HTTP server listening on port 8080
[HTTP] 4/16/2024, 2:59:03 PM <info> HTTP server listening on port 8080
[HTTP] 4/16/2024, 2:59:06 PM <info> HTTP server listening on port 8080
[HTTP] 4/16/2024, 2:59:10 PM <info> HTTP server listening on port 8080
[HTTP] 4/16/2024, 2:59:13 PM <info> HTTP server listening on port 8080
[HTTP] 4/16/2024, 2:59:20 PM <info> HTTP server listening on port 8080
[HTTP] 4/16/2024, 2:59:31 PM <info> HTTP server listening on port 8080
[HTTP] 4/16/2024, 2:59:32 PM <info> HTTP server listening on port 8080
[HTTP] 4/16/2024, 2:59:35 PM <info> HTTP server listening on port 8080
[HTTP] 4/16/2024, 2:59:40 PM <info> HTTP server listening on port 8080
[HTTP] 4/16/2024, 2:59:44 PM <info> HTTP server listening on port 8080
[HTTP] 4/16/2024, 2:59:53 PM <info> HTTP server listening on port 8080
[HTTP] 4/16/2024, 2:59:55 PM <info> HTTP server listening on port 8080
[HTTP] 4/16/2024, 3:00:05 PM <info> HTTP server listening on port 8080
[HTTP] 4/16/2024, 3:00:07 PM <info> HTTP server listening on port 8080
[HTTP] 4/16/2024, 3:00:08 PM <info> HTTP server listening on port 8080
[HTTP] 4/16/2024, 3:00:10 PM <info> HTTP server listening on port 8080
[HTTP] 4/16/2024, 3:00:13 PM <info> HTTP server listening on port 8080
[HTTP] 4/16/2024, 3:00:15 PM <info> HTTP server listening on port 8080
[HTTP] 4/16/2024, 3:00:17 PM <info> HTTP server listening on port 8080
[HTTP] 4/16/2024, 3:00:19 PM <info> HTTP server listening on port 8080
[HTTP] 4/16/2024, 3:00:22 PM <info> HTTP server listening on port 8080
[HTTP] 4/16/2024, 3:01:01 PM <info> HTTP server listening on port 8080
[HTTP] 4/16/2024, 3:01:13 PM <info> HTTP server listening on port 8080
[HTTP] 4/16/2024, 3:01:16 PM <info> HTTP server listening on port 8080
[HTTP] 4/16/2024, 3:01:23 PM <info> HTTP server listening on port 8080
[HTTP] 4/16/2024, 3:01:24 PM <info> HTTP server listening on port 8080
[HTTP] 4/16/2024, 3:01:26 PM <info> HTTP server listening on port 8080
[HTTP] 4/16/2024, 3:01:29 PM <info> HTTP server listening on port 8080
[HTTP] 4/16/2024, 3:02:39 PM <info> HTTP server listening on port 8080
[HTTP] 4/16/2024, 3:03:02 PM <info> HTTP server listening on port 8080
[HTTP] 4/16/2024, 3:03:09 PM <info> HTTP server listening on port 8080
[HTTP] 4/16/2024, 3:03:11 PM <info> HTTP server listening on port 8080
[HTTP] 4/16/2024, 3:03:14 PM <info> HTTP server listening on port 8080
[HTTP] 4/16/2024, 3:03:16 PM <info> HTTP server listening on port 8080
[HTTP] 4/16/2024, 3:03:19 PM <info> HTTP server listening on port 8080
[HTTP] 4/16/2024, 3:03:21 PM <info> HTTP server listening on port 8080
[HTTP] 4/16/2024, 3:03:23 PM <info> HTTP server listening on port 8080
[HTTP] 4/16/2024, 3:03:29 PM <info> HTTP server listening on port 8080
[HTTP] 4/16/2024, 3:03:37 PM <info> HTTP server listening on port 8080
[HTTP] 4/16/2024, 3:03:40 PM <info> HTTP server listening on port 8080
[HTTP] 4/16/2024, 3:03:45 PM <info> HTTP server listening on port 8080
[HTTP] 4/16/2024, 3:03:49 PM <info> HTTP server listening on port 8080
[HTTP] 4/16/2024, 3:03:51 PM <info> HTTP server listening on port 8080
[HTTP] 4/16/2024, 3:03:55 PM <info> HTTP server listening on port 8080
[HTTP] 4/16/2024, 3:04:15 PM <info> HTTP server listening on port 8080
[HTTP] 4/16/2024, 3:04:43 PM <info> HTTP server listening on port 8080
[HTTP] 4/16/2024, 3:05:25 PM <info> HTTP server listening on port 8080
[HTTP] 4/16/2024, 3:05:27 PM <info> HTTP server listening on port 8080
[HTTP] 4/16/2024, 3:05:31 PM <info> HTTP server listening on port 8080
[HTTP] 4/16/2024, 3:05:33 PM <info> HTTP server listening on port 8080
[HTTP] 4/16/2024, 3:05:39 PM <info> HTTP server listening on port 8080
[HTTP] 4/16/2024, 3:05:44 PM <info> HTTP server listening on port 8080
[HTTP] 4/16/2024, 3:24:36 PM <info> HTTP server listening on port 8080
[HTTP] 4/16/2024, 3:32:09 PM <info> HTTP server listening on port 8080
[HTTP] 4/16/2024, 3:32:21 PM <info> HTTP server listening on port 8080
[HTTP] 4/16/2024, 3:32:36 PM <info> HTTP server listening on port 8080
[HTTP] 4/16/2024, 3:32:38 PM <info> HTTP server listening on port 8080
[HTTP] 4/16/2024, 3:32:39 PM <info> HTTP server listening on port 8080
[HTTP] 4/16/2024, 3:32:44 PM <info> HTTP server listening on port 8080
[HTTP] 4/16/2024, 3:32:47 PM <info> HTTP server listening on port 8080
[HTTP] 4/16/2024, 3:35:59 PM <info> HTTP server listening on port 8080
[HTTP] 4/16/2024, 3:36:02 PM <info> HTTP server listening on port 8080
[HTTP] 4/16/2024, 3:36:04 PM <info> HTTP server listening on port 8080
[HTTP] 4/16/2024, 3:37:53 PM <info> HTTP server listening on port 8080
[HTTP] 4/16/2024, 3:37:59 PM <info> HTTP server listening on port 8080
[HTTP] 4/16/2024, 3:38:01 PM <info> HTTP server listening on port 8080
[HTTP] 4/16/2024, 3:38:03 PM <info> HTTP server listening on port 8080
[HTTP] 4/16/2024, 3:38:04 PM <info> HTTP server listening on port 8080
[HTTP] 4/16/2024, 3:38:07 PM <info> HTTP server listening on port 8080
[HTTP] 4/16/2024, 3:38:08 PM <info> HTTP server listening on port 8080
[HTTP] 4/16/2024, 3:38:10 PM <info> HTTP server listening on port 8080
[HTTP] 4/16/2024, 3:38:13 PM <info> HTTP server listening on port 8080
[HTTP] 4/16/2024, 3:38:15 PM <info> HTTP server listening on port 8080
[HTTP] 4/16/2024, 3:44:15 PM <info> HTTP server listening on port 8080
[HTTP] 4/16/2024, 3:44:28 PM <info> HTTP server listening on port 8080
[HTTP] 4/16/2024, 3:44:32 PM <info> HTTP server listening on port 8080
[HTTP] 4/16/2024, 3:44:35 PM <info> HTTP server listening on port 8080
[HTTP] 4/16/2024, 3:44:38 PM <info> HTTP server listening on port 8080
[HTTP] 4/16/2024, 3:44:51 PM <info> HTTP server listening on port 8080
[HTTP] 4/16/2024, 3:45:57 PM <info> HTTP server listening on port 8080
[HTTP] 4/16/2024, 3:46:51 PM <info> HTTP server listening on port 8080
[HTTP] 4/16/2024, 3:46:59 PM <info> HTTP server listening on port 8080
[HTTP] 4/16/2024, 3:47:02 PM <info> HTTP server listening on port 8080
[HTTP] 4/16/2024, 3:47:04 PM <info> HTTP server listening on port 8080
[HTTP] 4/16/2024, 3:47:05 PM <info> HTTP server listening on port 8080
[HTTP] 4/16/2024, 3:47:07 PM <info> HTTP server listening on port 8080
[HTTP] 4/16/2024, 3:47:28 PM <info> HTTP server listening on port 8080
[HTTP] 4/16/2024, 3:47:31 PM <info> HTTP server listening on port 8080
[HTTP] 4/16/2024, 3:47:38 PM <info> HTTP server listening on port 8080
[HTTP] 4/16/2024, 3:47:54 PM <info> HTTP server listening on port 8080
[HTTP] 4/16/2024, 3:48:22 PM <info> HTTP server listening on port 8080
[HTTP] 4/16/2024, 3:48:23 PM <info> HTTP server listening on port 8080
[HTTP] 4/16/2024, 3:48:27 PM <info> HTTP server listening on port 8080
[HTTP] 4/16/2024, 3:48:34 PM <info> HTTP server listening on port 8080
[HTTP] 4/16/2024, 3:48:35 PM <info> HTTP server listening on port 8080
[HTTP] 4/16/2024, 3:48:37 PM <info> HTTP server listening on port 8080
[HTTP] 4/16/2024, 3:48:57 PM <info> HTTP server listening on port 8080
[HTTP] 4/16/2024, 3:48:59 PM <info> HTTP server listening on port 8080
[HTTP] 4/16/2024, 3:49:00 PM <info> HTTP server listening on port 8080
[HTTP] 4/16/2024, 3:49:09 PM <info> HTTP server listening on port 8080
[HTTP] 4/16/2024, 3:51:42 PM <info> HTTP server listening on port 8080
[HTTP] 4/16/2024, 3:51:46 PM <info> HTTP server listening on port 8080
[HTTP] 4/16/2024, 3:51:50 PM <info> HTTP server listening on port 8080
[HTTP] 4/16/2024, 3:51:55 PM <info> HTTP server listening on port 8080
[HTTP] 4/16/2024, 3:52:02 PM <info> HTTP server listening on port 8080
[HTTP] 4/16/2024, 3:52:16 PM <info> HTTP server listening on port 8080
[HTTP] 4/16/2024, 3:52:25 PM <info> HTTP server listening on port 8080
[HTTP] 4/16/2024, 3:52:28 PM <info> HTTP server listening on port 8080
[HTTP] 4/16/2024, 3:52:34 PM <info> HTTP server listening on port 8080
[HTTP] 4/16/2024, 3:52:35 PM <info> HTTP server listening on port 8080
[HTTP] 4/16/2024, 3:52:38 PM <info> HTTP server listening on port 8080
[HTTP] 4/16/2024, 3:52:45 PM <info> HTTP server listening on port 8080
[HTTP] 4/16/2024, 3:52:48 PM <info> HTTP server listening on port 8080
[HTTP] 4/16/2024, 3:52:53 PM <info> HTTP server listening on port 8080
[HTTP] 4/16/2024, 3:52:57 PM <info> HTTP server listening on port 8080
[HTTP] 4/16/2024, 3:53:07 PM <info> HTTP server listening on port 8080
[HTTP] 4/16/2024, 3:53:11 PM <info> HTTP server listening on port 8080
[HTTP] 4/16/2024, 3:53:14 PM <info> HTTP server listening on port 8080
[HTTP] 4/16/2024, 3:53:17 PM <info> HTTP server listening on port 8080
[HTTP] 4/16/2024, 3:53:30 PM <info> HTTP server listening on port 8080
[HTTP] 4/16/2024, 3:53:32 PM <info> HTTP server listening on port 8080
[HTTP] 4/16/2024, 3:53:39 PM <info> HTTP server listening on port 8080
[HTTP] 4/16/2024, 3:53:46 PM <info> HTTP server listening on port 8080
[HTTP] 4/16/2024, 3:53:48 PM <info> HTTP server listening on port 8080
[HTTP] 4/16/2024, 3:54:51 PM <info> HTTP server listening on port 8080
[HTTP] 4/16/2024, 3:54:59 PM <info> HTTP server listening on port 8080
[HTTP] 4/16/2024, 3:55:01 PM <info> HTTP server listening on port 8080
[HTTP] 4/16/2024, 3:55:03 PM <info> HTTP server listening on port 8080
[HTTP] 4/16/2024, 3:55:07 PM <info> HTTP server listening on port 8080
[HTTP] 4/16/2024, 3:55:08 PM <info> HTTP server listening on port 8080
[HTTP] 4/16/2024, 3:55:13 PM <info> HTTP server listening on port 8080
[HTTP] 4/16/2024, 3:55:19 PM <info> HTTP server listening on port 8080
[HTTP] 4/16/2024, 3:55:28 PM <info> HTTP server listening on port 8080
[HTTP] 4/16/2024, 3:55:32 PM <info> HTTP server listening on port 8080
[HTTP] 4/16/2024, 3:55:34 PM <info> HTTP server listening on port 8080
[HTTP] 4/16/2024, 3:55:40 PM <info> HTTP server listening on port 8080
[HTTP] 4/16/2024, 3:55:49 PM <info> HTTP server listening on port 8080
[HTTP] 4/16/2024, 3:55:55 PM <info> HTTP server listening on port 8080
[HTTP] 4/16/2024, 3:56:00 PM <info> HTTP server listening on port 8080
[HTTP] 4/16/2024, 3:56:22 PM <info> HTTP server listening on port 8080
[HTTP] 4/16/2024, 3:56:27 PM <info> HTTP server listening on port 8080
[HTTP] 4/16/2024, 3:56:36 PM <info> HTTP server listening on port 8080
[HTTP] 4/16/2024, 3:56:45 PM <info> HTTP server listening on port 8080
[HTTP] 4/16/2024, 3:56:57 PM <info> HTTP server listening on port 8080
[HTTP] 4/16/2024, 3:57:02 PM <info> HTTP server listening on port 8080
[HTTP] 4/16/2024, 3:57:06 PM <info> HTTP server listening on port 8080
[HTTP] 4/16/2024, 3:57:10 PM <info> HTTP server listening on port 8080
[HTTP] 4/16/2024, 3:57:14 PM <info> HTTP server listening on port 8080
[HTTP] 4/16/2024, 3:57:16 PM <info> HTTP server listening on port 8080
[HTTP] 4/16/2024, 3:57:23 PM <info> HTTP server listening on port 8080
[HTTP] 4/16/2024, 3:57:29 PM <info> HTTP server listening on port 8080
[HTTP] 4/16/2024, 3:57:32 PM <info> HTTP server listening on port 8080
[HTTP] 4/16/2024, 3:57:34 PM <info> HTTP server listening on port 8080
[HTTP] 4/16/2024, 3:57:37 PM <info> HTTP server listening on port 8080
[HTTP] 4/16/2024, 3:57:43 PM <info> HTTP server listening on port 8080
[HTTP] 4/16/2024, 3:57:47 PM <info> HTTP server listening on port 8080
[HTTP] 4/16/2024, 3:57:53 PM <info> HTTP server listening on port 8080
[HTTP] 4/16/2024, 3:57:58 PM <info> HTTP server listening on port 8080
[HTTP] 4/16/2024, 3:58:01 PM <info> HTTP server listening on port 8080
[HTTP] 4/16/2024, 3:58:06 PM <info> HTTP server listening on port 8080
[HTTP] 4/16/2024, 3:58:07 PM <info> HTTP server listening on port 8080
[HTTP] 4/16/2024, 3:58:29 PM <info> HTTP server listening on port 8080
[HTTP] 4/16/2024, 3:58:30 PM <info> HTTP server listening on port 8080
[HTTP] 4/16/2024, 3:58:41 PM <info> HTTP server listening on port 8080
[HTTP] 4/16/2024, 3:58:49 PM <info> HTTP server listening on port 8080
[HTTP] 4/16/2024, 3:58:54 PM <info> HTTP server listening on port 8080
[HTTP] 4/16/2024, 3:59:03 PM <info> HTTP server listening on port 8080
[HTTP] 4/16/2024, 3:59:13 PM <info> HTTP server listening on port 8080
[HTTP] 4/16/2024, 3:59:19 PM <info> HTTP server listening on port 8080
[HTTP] 4/16/2024, 3:59:21 PM <info> HTTP server listening on port 8080
[HTTP] 4/16/2024, 3:59:27 PM <info> HTTP server listening on port 8080
[HTTP] 4/16/2024, 3:59:35 PM <info> HTTP server listening on port 8080
[HTTP] 4/16/2024, 3:59:36 PM <info> HTTP server listening on port 8080
[HTTP] 4/16/2024, 3:59:37 PM <info> HTTP server listening on port 8080
[HTTP] 4/16/2024, 3:59:39 PM <info> HTTP server listening on port 8080
[HTTP] 4/16/2024, 3:59:40 PM <info> HTTP server listening on port 8080
[HTTP] 4/16/2024, 3:59:43 PM <info> HTTP server listening on port 8080
[HTTP] 4/16/2024, 3:59:58 PM <info> HTTP server listening on port 8080
[HTTP] 4/16/2024, 4:00:04 PM <info> HTTP server listening on port 8080
[HTTP] 4/16/2024, 4:01:11 PM <info> HTTP server listening on port 8080
[HTTP] 4/16/2024, 4:01:21 PM <info> HTTP server listening on port 8080
[HTTP] 4/16/2024, 4:01:22 PM <info> HTTP server listening on port 8080
[HTTP] 4/16/2024, 4:02:13 PM <info> HTTP server listening on port 8080
[HTTP] 4/16/2024, 4:02:21 PM <info> HTTP server listening on port 8080
[HTTP] 4/16/2024, 4:02:27 PM <info> HTTP server listening on port 8080
[HTTP] 4/16/2024, 4:02:30 PM <info> HTTP server listening on port 8080
[HTTP] 4/16/2024, 4:02:32 PM <info> HTTP server listening on port 8080
[HTTP] 4/16/2024, 4:04:24 PM <info> HTTP server listening on port 8080
[HTTP] 4/16/2024, 4:06:38 PM <info> HTTP server listening on port 8080
[HTTP] 4/16/2024, 4:06:41 PM <info> HTTP server listening on port 8080
[HTTP] 4/16/2024, 4:06:43 PM <info> HTTP server listening on port 8080
[HTTP] 4/16/2024, 4:06:44 PM <info> HTTP server listening on port 8080
[HTTP] 4/16/2024, 4:15:31 PM <info> HTTP server listening on port 8080
[HTTP] 4/16/2024, 4:31:26 PM <info> HTTP server listening on port 8080
[HTTP] 4/16/2024, 4:31:29 PM <info> HTTP server listening on port 8080
[HTTP] 4/16/2024, 4:47:26 PM <info> HTTP server listening on port 8080
[HTTP] 4/16/2024, 4:47:34 PM <info> HTTP server listening on port 8080
[HTTP] 4/16/2024, 4:48:50 PM <info> HTTP server listening on port 8080
[HTTP] 4/16/2024, 4:48:55 PM <info> HTTP server listening on port 8080
[HTTP] 4/23/2024, 10:11:59 AM <info> HTTP server listening on port 8080
[HTTP] 4/23/2024, 10:14:40 AM <info> HTTP server listening on port 8080
[HTTP] 4/23/2024, 11:00:05 AM <info> HTTP server listening on port 8080
[HTTP] 4/23/2024, 11:14:27 AM <info> HTTP server listening on port 8080
[HTTP] 4/23/2024, 11:26:29 AM <info> HTTP server listening on port 8080
[HTTP] 4/23/2024, 11:43:04 AM <info> HTTP server listening on port 8080
[HTTP] 4/23/2024, 12:11:27 PM <info> HTTP server listening on port 8080
[HTTP] 4/23/2024, 12:15:01 PM <info> HTTP server listening on port 8080
[HTTP] 4/23/2024, 12:15:48 PM <info> HTTP server listening on port 8080
[HTTP] 4/23/2024, 12:15:50 PM <info> HTTP server listening on port 8080
[HTTP] 4/23/2024, 12:16:01 PM <info> HTTP server listening on port 8080
[HTTP] 4/23/2024, 12:16:03 PM <info> HTTP server listening on port 8080
[HTTP] 4/23/2024, 12:17:05 PM <info> HTTP server listening on port 8080
[HTTP] 4/23/2024, 12:17:23 PM <info> HTTP server listening on port 8080
[HTTP] 4/23/2024, 12:17:36 PM <info> HTTP server listening on port 8080
[HTTP] 4/23/2024, 12:25:13 PM <info> HTTP server listening on port 8080
[HTTP] 4/23/2024, 12:25:15 PM <info> HTTP server listening on port 8080
[HTTP] 4/23/2024, 12:25:35 PM <info> HTTP server listening on port 8080
[HTTP] 4/23/2024, 12:25:57 PM <info> Ping received
[HTTP] 4/23/2024, 12:26:16 PM <info> HTTP server listening on port 8080
[HTTP] 4/23/2024, 12:26:20 PM <info> HTTP server listening on port 8080
[HTTP] 4/23/2024, 12:26:22 PM <info> HTTP server listening on port 8080
[HTTP] 4/23/2024, 12:27:03 PM <info> HTTP server listening on port 8080
[HTTP] 4/23/2024, 12:27:22 PM <info> HTTP server listening on port 8080
[HTTP] 4/23/2024, 12:27:27 PM <info> HTTP server listening on port 8080
[HTTP] 4/23/2024, 12:27:28 PM <info> HTTP server listening on port 8080
[HTTP] 4/23/2024, 12:27:32 PM <info> HTTP server listening on port 8080
[HTTP] 4/23/2024, 12:27:33 PM <info> HTTP server listening on port 8080
[HTTP] 4/23/2024, 12:27:36 PM <info> Ping received
[HTTP] 4/23/2024, 12:27:40 PM <info> Ping received
[HTTP] 4/23/2024, 12:27:47 PM <info> HTTP server listening on port 8080
[HTTP] 4/23/2024, 12:27:50 PM <info> HTTP server listening on port 8080
[HTTP] 4/23/2024, 1:51:57 PM <info> HTTP server listening on port 8080
[HTTP] 4/23/2024, 1:54:25 PM <info> HTTP server listening on port 8080
[HTTP] 4/23/2024, 1:54:29 PM <info> HTTP server listening on port 8080
[HTTP] 4/23/2024, 1:54:33 PM <info> HTTP server listening on port 8080
[HTTP] 4/23/2024, 1:54:37 PM <info> HTTP server listening on port 8080
[HTTP] 4/23/2024, 1:54:41 PM <info> HTTP server listening on port 8080
[HTTP] 4/23/2024, 1:54:46 PM <info> HTTP server listening on port 8080
[HTTP] 4/23/2024, 1:55:26 PM <info> Ping received
[HTTP] 4/23/2024, 1:55:37 PM <info> HTTP server listening on port 8080
[HTTP] 4/23/2024, 1:55:40 PM <info> HTTP server listening on port 8080
[HTTP] 4/23/2024, 1:55:42 PM <info> HTTP server listening on port 8080
[HTTP] 4/23/2024, 1:55:43 PM <info> HTTP server listening on port 8080
[HTTP] 4/23/2024, 1:55:48 PM <info> HTTP server listening on port 8080
[HTTP] 4/23/2024, 1:56:16 PM <info> Send ports
[HTTP] 4/23/2024, 1:57:10 PM <info> HTTP server listening on port 8080
[HTTP] 4/23/2024, 1:57:14 PM <info> HTTP server listening on port 8080
[HTTP] 4/23/2024, 1:57:28 PM <info> HTTP server listening on port 8080
[HTTP] 4/23/2024, 1:57:35 PM <info> HTTP server listening on port 8080
[HTTP] 4/23/2024, 1:57:36 PM <info> HTTP server listening on port 8080
[HTTP] 4/23/2024, 1:57:56 PM <info> HTTP server listening on port 8080
[HTTP] 4/23/2024, 1:57:59 PM <info> HTTP server listening on port 8080
[HTTP] 4/23/2024, 1:58:13 PM <info> HTTP server listening on port 8080
[HTTP] 4/23/2024, 1:58:22 PM <info> HTTP server listening on port 8080
[HTTP] 4/23/2024, 1:58:25 PM <info> HTTP server listening on port 8080
[HTTP] 4/23/2024, 1:58:33 PM <info> HTTP server listening on port 8080
[HTTP] 4/23/2024, 1:58:34 PM <info> HTTP server listening on port 8080
[HTTP] 4/23/2024, 1:58:39 PM <info> HTTP server listening on port 8080
[HTTP] 4/23/2024, 1:58:44 PM <info> HTTP server listening on port 8080
[HTTP] 4/23/2024, 1:58:48 PM <info> HTTP server listening on port 8080
[HTTP] 4/23/2024, 1:58:51 PM <info> HTTP server listening on port 8080
[HTTP] 4/23/2024, 1:58:53 PM <info> HTTP server listening on port 8080
[HTTP] 4/23/2024, 1:58:54 PM <info> HTTP server listening on port 8080
[HTTP] 4/23/2024, 1:58:57 PM <info> [GET] /api/ping
[HTTP] 4/23/2024, 1:59:03 PM <info> [GET] /api/ports
[HTTP] 4/23/2024, 1:59:24 PM <info> HTTP server listening on port 8080
[HTTP] 4/23/2024, 1:59:25 PM <info> GET /api/ports
[HTTP] 4/23/2024, 1:59:34 PM <info> HTTP server listening on port 8080
[HTTP] 4/23/2024, 1:59:37 PM <info> HTTP server listening on port 8080
[HTTP] 4/23/2024, 1:59:40 PM <info> HTTP server listening on port 8080
[HTTP] 4/23/2024, 1:59:42 PM <info> HTTP server listening on port 8080
[HTTP] 4/23/2024, 1:59:45 PM <info> HTTP server listening on port 8080
[HTTP] 4/23/2024, 2:00:28 PM <info> HTTP server listening on port 8080
[HTTP] 4/23/2024, 2:00:35 PM <info> HTTP server listening on port 8080
[HTTP] 4/23/2024, 2:00:38 PM <info> HTTP server listening on port 8080
[HTTP] 4/23/2024, 2:00:41 PM <info> GET /signals
[HTTP] 4/23/2024, 2:03:02 PM <info> HTTP server listening on port 8080
[HTTP] 4/23/2024, 2:03:21 PM <info> HTTP server listening on port 8080
[HTTP] 4/23/2024, 2:03:34 PM <info> HTTP server listening on port 8080
[HTTP] 4/23/2024, 2:16:15 PM <info> HTTP server listening on port 8080
[HTTP] 4/23/2024, 2:16:55 PM <info> HTTP server listening on port 8080
[HTTP] 4/23/2024, 2:17:05 PM <info> HTTP server listening on port 8080
[HTTP] 4/23/2024, 2:17:08 PM <info> HTTP server listening on port 8080
[HTTP] 4/23/2024, 2:17:28 PM <info> HTTP server listening on port 8080
[HTTP] 4/23/2024, 2:17:36 PM <info> HTTP server listening on port 8080
[HTTP] 4/23/2024, 2:19:16 PM <info> HTTP server listening on port 8080
[HTTP] 4/23/2024, 2:20:30 PM <info> HTTP server listening on port 8080
[HTTP] 4/23/2024, 2:20:55 PM <info> HTTP server listening on port 8080
[HTTP] 4/23/2024, 2:21:11 PM <info> HTTP server listening on port 8080
[HTTP] 4/23/2024, 2:21:15 PM <info> HTTP server listening on port 8080
[HTTP] 4/23/2024, 2:21:49 PM <info> HTTP server listening on port 8080
[HTTP] 4/23/2024, 2:21:55 PM <info> HTTP server listening on port 8080
[HTTP] 4/23/2024, 2:25:16 PM <info> HTTP server listening on port 8080
[HTTP] 4/23/2024, 2:25:37 PM <info> HTTP server listening on port 8080
[HTTP] 4/23/2024, 2:25:44 PM <info> HTTP server listening on port 8080
[HTTP] 4/23/2024, 2:25:45 PM <info> HTTP server listening on port 8080
[HTTP] 4/23/2024, 2:25:50 PM <info> HTTP server listening on port 8080
[HTTP] 4/23/2024, 2:25:57 PM <info> HTTP server listening on port 8080
[HTTP] 4/23/2024, 2:26:03 PM <info> HTTP server listening on port 8080
[HTTP] 4/23/2024, 2:26:05 PM <info> HTTP server listening on port 8080
[HTTP] 4/23/2024, 2:26:08 PM <info> HTTP server listening on port 8080
[HTTP] 4/23/2024, 2:26:13 PM <info> HTTP server listening on port 8080
[HTTP] 4/23/2024, 2:26:17 PM <info> HTTP server listening on port 8080
[HTTP] 4/23/2024, 2:28:41 PM <info> HTTP server listening on port 8080
[HTTP] 4/23/2024, 2:28:45 PM <info> HTTP server listening on port 8080
[HTTP] 4/23/2024, 2:28:59 PM <info> HTTP server listening on port 8080
[HTTP] 4/23/2024, 2:29:01 PM <info> HTTP server listening on port 8080
[HTTP] 4/23/2024, 2:29:07 PM <info> HTTP server listening on port 8080
[HTTP] 4/23/2024, 2:29:12 PM <info> HTTP server listening on port 8080
[HTTP] 4/23/2024, 2:29:18 PM <info> HTTP server listening on port 8080
[HTTP] 4/23/2024, 2:29:24 PM <info> HTTP server listening on port 8080
[HTTP] 4/23/2024, 2:29:27 PM <info> HTTP server listening on port 8080
[HTTP] 4/23/2024, 2:29:32 PM <info> HTTP server listening on port 8080
[HTTP] 4/23/2024, 2:29:36 PM <info> HTTP server listening on port 8080
[HTTP] 4/23/2024, 2:29:38 PM <info> HTTP server listening on port 8080
[HTTP] 4/23/2024, 2:29:42 PM <info> HTTP server listening on port 8080
[HTTP] 4/23/2024, 2:29:47 PM <info> HTTP server listening on port 8080
[HTTP] 4/23/2024, 2:29:53 PM <info> HTTP server listening on port 8080
[HTTP] 4/23/2024, 2:32:44 PM <info> HTTP server listening on port 8080
[HTTP] 4/23/2024, 2:32:51 PM <info> HTTP server listening on port 8080
[HTTP] 4/23/2024, 2:43:25 PM <info> HTTP server listening on port 8080
[HTTP] 4/23/2024, 2:43:28 PM <info> HTTP server listening on port 8080
[HTTP] 4/23/2024, 2:43:35 PM <info> HTTP server listening on port 8080
[HTTP] 4/23/2024, 2:44:04 PM <info> HTTP server listening on port 8080
[HTTP] 4/23/2024, 2:44:09 PM <info> HTTP server listening on port 8080
[HTTP] 4/23/2024, 2:44:19 PM <info> HTTP server listening on port 8080
[HTTP] 4/23/2024, 3:47:03 PM <info> HTTP server listening on port 8080
[HTTP] 4/23/2024, 3:47:19 PM <info> GET /api/test
[HTTP] 4/23/2024, 3:48:08 PM <info> HTTP server listening on port 8080
[HTTP] 4/23/2024, 3:48:11 PM <info> GET /api/test
[HTTP] 4/23/2024, 3:50:17 PM <info> HTTP server listening on port 8080
[HTTP] 4/23/2024, 3:50:20 PM <info> HTTP server listening on port 8080
[HTTP] 4/23/2024, 3:50:23 PM <info> HTTP server listening on port 8080
[HTTP] 4/23/2024, 3:51:59 PM <info> HTTP server listening on port 8080
[HTTP] 4/23/2024, 3:52:00 PM <info> HTTP server listening on port 8080
[HTTP] 4/23/2024, 3:52:03 PM <info> HTTP server listening on port 8080
[HTTP] 4/23/2024, 3:52:06 PM <info> HTTP server listening on port 8080
[HTTP] 4/23/2024, 3:52:07 PM <info> HTTP server listening on port 8080
[HTTP] 4/23/2024, 3:52:09 PM <info> HTTP server listening on port 8080
[HTTP] 4/23/2024, 3:54:04 PM <info> HTTP server listening on port 8080
[HTTP] 4/23/2024, 3:55:27 PM <info> HTTP server listening on port 8080
[HTTP] 4/23/2024, 3:55:29 PM <info> HTTP server listening on port 8080
[HTTP] 4/23/2024, 3:55:33 PM <info> HTTP server listening on port 8080
[HTTP] 4/23/2024, 3:56:04 PM <info> HTTP server listening on port 8080
[HTTP] 4/23/2024, 3:56:06 PM <info> HTTP server listening on port 8080
[HTTP] 4/23/2024, 3:56:09 PM <info> GET /api/test
[HTTP] 4/23/2024, 3:56:41 PM <info> HTTP server listening on port 8080
[HTTP] 4/23/2024, 3:56:47 PM <info> HTTP server listening on port 8080
[HTTP] 4/23/2024, 3:56:48 PM <info> HTTP server listening on port 8080
[HTTP] 4/23/2024, 3:57:18 PM <info> HTTP server listening on port 8080
[HTTP] 4/23/2024, 3:58:03 PM <info> HTTP server listening on port 8080
[HTTP] 4/23/2024, 3:59:25 PM <info> HTTP server listening on port 8080
[HTTP] 4/23/2024, 3:59:36 PM <info> HTTP server listening on port 8080
[HTTP] 4/23/2024, 4:00:00 PM <info> HTTP server listening on port 8080
[HTTP] 4/23/2024, 4:00:13 PM <info> HTTP server listening on port 8080
[HTTP] 4/23/2024, 4:00:15 PM <info> HTTP server listening on port 8080
[HTTP] 4/23/2024, 4:00:18 PM <info> HTTP server listening on port 8080
[HTTP] 4/23/2024, 4:00:22 PM <info> HTTP server listening on port 8080
[HTTP] 4/23/2024, 4:00:23 PM <info> HTTP server listening on port 8080
[HTTP] 4/23/2024, 4:00:45 PM <info> HTTP server listening on port 8080
[HTTP] 4/23/2024, 4:00:51 PM <info> HTTP server listening on port 8080
[HTTP] 4/23/2024, 4:00:55 PM <info> HTTP server listening on port 8080
[HTTP] 4/23/2024, 4:00:58 PM <info> HTTP server listening on port 8080
[HTTP] 4/23/2024, 4:01:31 PM <info> HTTP server listening on port 8080
[HTTP] 4/23/2024, 4:01:40 PM <info> HTTP server listening on port 8080
[HTTP] 4/23/2024, 4:02:32 PM <info> GET /api/ports
[HTTP] 4/23/2024, 4:04:55 PM <info> GET /api/ports
[HTTP] 4/23/2024, 4:05:53 PM <info> HTTP server listening on port 8080
[HTTP] 4/23/2024, 4:05:55 PM <info> HTTP server listening on port 8080
[HTTP] 4/23/2024, 4:07:20 PM <info> GET /api/ports
[HTTP] 4/23/2024, 4:07:20 PM <info> GET /signals
[HTTP] 4/23/2024, 4:07:23 PM <info> GET /api/ports
[HTTP] 4/23/2024, 4:07:23 PM <info> GET /signals
[HTTP] 4/23/2024, 4:07:53 PM <info> GET /api/ports
[HTTP] 4/23/2024, 4:07:53 PM <info> GET /signals
[HTTP] 4/23/2024, 4:07:59 PM <info> GET /api/ports
[HTTP] 4/23/2024, 4:07:59 PM <info> GET /signals
[HTTP] 4/23/2024, 4:08:27 PM <info> GET /signals
[HTTP] 4/23/2024, 4:10:06 PM <info> GET /api/ports
[HTTP] 4/23/2024, 4:15:24 PM <info> HTTP server listening on port 8080
[HTTP] 4/23/2024, 4:15:31 PM <info> HTTP server listening on port 8080
[HTTP] 4/23/2024, 4:15:33 PM <info> HTTP server listening on port 8080
[HTTP] 4/23/2024, 4:15:34 PM <info> HTTP server listening on port 8080
[HTTP] 4/23/2024, 4:15:38 PM <info> HTTP server listening on port 8080
[HTTP] 4/23/2024, 4:15:40 PM <info> HTTP server listening on port 8080
[HTTP] 4/23/2024, 4:15:45 PM <info> HTTP server listening on port 8080
[HTTP] 4/23/2024, 4:15:48 PM <info> HTTP server listening on port 8080
[HTTP] 4/23/2024, 4:16:25 PM <info> HTTP server listening on port 8080
[HTTP] 4/23/2024, 4:16:28 PM <info> HTTP server listening on port 8080
[HTTP] 4/23/2024, 4:17:36 PM <info> HTTP server listening on port 8080
[HTTP] 4/23/2024, 4:17:38 PM <info> HTTP server listening on port 8080
[HTTP] 4/23/2024, 4:17:46 PM <info> HTTP server listening on port 8080
[HTTP] 4/23/2024, 4:17:48 PM <info> HTTP server listening on port 8080
[HTTP] 4/23/2024, 4:17:57 PM <info> HTTP server listening on port 8080
[HTTP] 4/23/2024, 4:18:00 PM <info> HTTP server listening on port 8080
[HTTP] 4/23/2024, 4:18:02 PM <info> HTTP server listening on port 8080
[HTTP] 4/23/2024, 4:18:15 PM <info> HTTP server listening on port 8080
[HTTP] 4/23/2024, 4:18:18 PM <info> HTTP server listening on port 8080
[HTTP] 4/23/2024, 4:18:35 PM <info> HTTP server listening on port 8080
[HTTP] 4/23/2024, 4:18:45 PM <info> GET /signals
[HTTP] 4/23/2024, 4:18:45 PM <warn> GET /signals Response error
[HTTP] 4/23/2024, 4:19:08 PM <info> HTTP server listening on port 8080
[HTTP] 4/23/2024, 4:19:11 PM <info> HTTP server listening on port 8080
[HTTP] 4/23/2024, 4:19:17 PM <info> HTTP server listening on port 8080
[HTTP] 4/23/2024, 4:19:19 PM <info> HTTP server listening on port 8080
[HTTP] 4/23/2024, 4:19:20 PM <info> HTTP server listening on port 8080
[HTTP] 4/23/2024, 4:19:23 PM <info> HTTP server listening on port 8080
[HTTP] 4/23/2024, 4:19:26 PM <info> HTTP server listening on port 8080
[HTTP] 4/23/2024, 4:19:29 PM <info> HTTP server listening on port 8080
[HTTP] 4/23/2024, 4:19:30 PM <info> HTTP server listening on port 8080
[HTTP] 4/23/2024, 4:19:34 PM <info> HTTP server listening on port 8080
[HTTP] 4/23/2024, 4:19:38 PM <info> GET /signals
[HTTP] 4/23/2024, 4:19:38 PM <warn> GET /signals Response error
[HTTP] 4/23/2024, 4:19:56 PM <info> HTTP server listening on port 8080
[HTTP] 4/23/2024, 4:19:59 PM <info> GET /signals
[HTTP] 4/23/2024, 4:21:23 PM <info> HTTP server listening on port 8080
[HTTP] 4/23/2024, 4:21:28 PM <info> HTTP server listening on port 8080
[HTTP] 4/23/2024, 4:21:32 PM <info> HTTP server listening on port 8080
[HTTP] 4/23/2024, 4:21:51 PM <info> HTTP server listening on port 8080
[HTTP] 4/23/2024, 4:21:56 PM <info> HTTP server listening on port 8080
[HTTP] 4/23/2024, 4:21:58 PM <info> HTTP server listening on port 8080
[HTTP] 4/23/2024, 4:22:04 PM <info> HTTP server listening on port 8080
[HTTP] 4/23/2024, 4:22:10 PM <info> HTTP server listening on port 8080
[HTTP] 4/23/2024, 4:22:38 PM <info> HTTP server listening on port 8080
[HTTP] 4/23/2024, 4:22:59 PM <info> HTTP server listening on port 8080
[HTTP] 4/23/2024, 4:23:09 PM <info> HTTP server listening on port 8080
[HTTP] 4/23/2024, 4:23:19 PM <info> HTTP server listening on port 8080
[HTTP] 4/23/2024, 4:23:20 PM <info> HTTP server listening on port 8080
[HTTP] 4/23/2024, 4:23:27 PM <info> HTTP server listening on port 8080
[HTTP] 4/23/2024, 4:23:29 PM <info> HTTP server listening on port 8080
[HTTP] 4/23/2024, 4:23:31 PM <info> HTTP server listening on port 8080
[HTTP] 4/23/2024, 4:23:35 PM <info> HTTP server listening on port 8080
[HTTP] 4/23/2024, 4:23:45 PM <info> HTTP server listening on port 8080
[HTTP] 4/23/2024, 4:23:46 PM <info> HTTP server listening on port 8080
[HTTP] 4/23/2024, 4:24:06 PM <info> HTTP server listening on port 8080
[HTTP] 4/23/2024, 4:24:09 PM <info> HTTP server listening on port 8080
[HTTP] 4/23/2024, 4:24:22 PM <info> HTTP server listening on port 8080
[HTTP] 4/23/2024, 4:24:23 PM <info> HTTP server listening on port 8080
[HTTP] 4/23/2024, 4:24:26 PM <info> HTTP server listening on port 8080
[HTTP] 4/23/2024, 4:24:33 PM <info> HTTP server listening on port 8080
[HTTP] 4/23/2024, 4:24:38 PM <info> HTTP server listening on port 8080
[HTTP] 4/23/2024, 4:24:40 PM <info> HTTP server listening on port 8080
[HTTP] 4/23/2024, 4:24:43 PM <info> HTTP server listening on port 8080
[HTTP] 4/23/2024, 4:24:47 PM <info> HTTP server listening on port 8080
[HTTP] 4/23/2024, 4:24:50 PM <info> HTTP server listening on port 8080
[HTTP] 4/23/2024, 4:24:57 PM <info> HTTP server listening on port 8080
[HTTP] 4/23/2024, 4:25:00 PM <info> HTTP server listening on port 8080
[HTTP] 4/23/2024, 4:25:08 PM <info> HTTP server listening on port 8080
[HTTP] 4/23/2024, 4:25:17 PM <warn> POST /signals Response error
[HTTP] 4/23/2024, 4:25:30 PM <info> HTTP server listening on port 8080
[HTTP] 4/23/2024, 4:27:15 PM <info> HTTP server listening on port 8080
[HTTP] 4/23/2024, 4:34:33 PM <info> GET /signals
[HTTP] 4/23/2024, 4:36:43 PM <info> GET /signals
[HTTP] 4/23/2024, 4:37:08 PM <warn> GET /monitoring Response error
[HTTP] 4/23/2024, 4:37:09 PM <info> GET /api/ping
[HTTP] 4/24/2024, 4:46:26 PM <info> HTTP server listening on port 8080
[HTTP] 4/24/2024, 4:47:09 PM <info> GET /api/ping
[HTTP] 4/24/2024, 4:47:21 PM <info> GET /api/ping
[HTTP] 4/24/2024, 4:47:38 PM <info> GET /signals
[HTTP] 4/24/2024, 4:53:14 PM <info> GET /signals
[HTTP] 4/24/2024, 4:53:31 PM <info> GET /signals
[HTTP] 4/24/2024, 4:54:12 PM <info> HTTP server listening on port 8080
[HTTP] 4/24/2024, 4:54:13 PM <info> HTTP server listening on port 8080
[HTTP] 4/24/2024, 4:54:28 PM <info> GET /signals
[HTTP] 4/24/2024, 5:00:29 PM <info> GET /signals
[HTTP] 4/24/2024, 5:03:03 PM <info> HTTP server listening on port 8080
[HTTP] 4/24/2024, 5:03:14 PM <info> GET /signals
[HTTP] 4/24/2024, 5:03:44 PM <info> HTTP server listening on port 8080
[HTTP] 4/24/2024, 5:03:50 PM <info> HTTP server listening on port 8080
[HTTP] 4/24/2024, 5:03:53 PM <info> HTTP server listening on port 8080
[HTTP] 4/24/2024, 5:03:58 PM <info> GET /signals
[HTTP] 4/24/2024, 5:05:51 PM <info> HTTP server listening on port 8080
[HTTP] 4/24/2024, 5:06:05 PM <info> HTTP server listening on port 8080
[HTTP] 4/24/2024, 5:06:27 PM <info> HTTP server listening on port 8080
[HTTP] 4/24/2024, 5:12:20 PM <info> HTTP server listening on port 8080
[HTTP] 4/24/2024, 5:12:35 PM <info> HTTP server listening on port 8080
[HTTP] 4/24/2024, 5:12:51 PM <info> HTTP server listening on port 8080
[HTTP] 4/24/2024, 5:13:11 PM <info> HTTP server listening on port 8080
[HTTP] 4/24/2024, 5:13:22 PM <info> HTTP server listening on port 8080
[HTTP] 4/24/2024, 5:20:33 PM <info> HTTP server listening on port 8080
[HTTP] 4/24/2024, 5:20:39 PM <info> HTTP server listening on port 8080
[HTTP] 4/24/2024, 5:22:09 PM <info> HTTP server listening on port 8080
[HTTP] 4/24/2024, 5:22:20 PM <info> GET /signals
[HTTP] 4/24/2024, 5:23:32 PM <info> GET /signals
[HTTP] 4/24/2024, 5:24:56 PM <warn> GET /monitoring Response error
[HTTP] 4/24/2024, 5:26:47 PM <info> GET /api/ping
[HTTP] 4/24/2024, 5:26:49 PM <info> GET /api/ports
[HTTP] 4/24/2024, 5:26:54 PM <info> GET /signals
[HTTP] 4/24/2024, 5:28:01 PM <info> GET /api/ports
[HTTP] 4/24/2024, 5:28:17 PM <info> GET /signals
[HTTP] 4/24/2024, 5:29:03 PM <info> HTTP server listening on port 8080
[HTTP] 4/24/2024, 5:29:09 PM <info> HTTP server listening on port 8080
[HTTP] 4/24/2024, 5:29:12 PM <info> HTTP server listening on port 8080
[HTTP] 4/24/2024, 5:29:17 PM <info> HTTP server listening on port 8080
[HTTP] 4/24/2024, 5:29:20 PM <info> GET /signals
[HTTP] 4/24/2024, 5:29:23 PM <info> GET /api/ports
[HTTP] 4/24/2024, 5:29:23 PM <info> GET /signals
[HTTP] 4/24/2024, 5:29:26 PM <info> GET /signals
[HTTP] 4/24/2024, 5:31:10 PM <info> GET /api/ports
[HTTP] 4/24/2024, 5:31:13 PM <info> GET /api/ports
[HTTP] 4/26/2024, 8:42:41 AM <info> HTTP server listening on port 8080
[HTTP] 4/26/2024, 8:43:31 AM <info> GET /api/ping
[HTTP] 4/26/2024, 8:43:34 AM <info> GET /api/ports
[HTTP] 4/26/2024, 8:43:38 AM <info> GET /signals
[HTTP] 4/26/2024, 8:44:25 AM <info> HTTP server listening on port 8080
[HTTP] 4/26/2024, 8:44:26 AM <info> HTTP server listening on port 8080
[HTTP] 4/26/2024, 8:44:28 AM <info> HTTP server listening on port 8080
[HTTP] 4/26/2024, 8:44:29 AM <info> HTTP server listening on port 8080
[HTTP] 4/26/2024, 8:44:32 AM <info> HTTP server listening on port 8080
[HTTP] 4/26/2024, 8:44:42 AM <info> HTTP server listening on port 8080
[HTTP] 4/26/2024, 8:44:44 AM <info> HTTP server listening on port 8080
[HTTP] 4/26/2024, 8:44:50 AM <info> HTTP server listening on port 8080
[HTTP] 4/26/2024, 8:45:04 AM <info> POST /logbook
[HTTP] 4/26/2024, 8:45:28 AM <info> HTTP server listening on port 8080
